#
# There is insufficient memory for the Java Runtime Environment to continue.
# Native memory allocation (malloc) failed to allocate 2037744 bytes. Error detail: Chunk::new
# Possible reasons:
#   The system is out of physical RAM or swap space
#   This process is running with CompressedOops enabled, and the Java Heap may be blocking the growth of the native heap
# Possible solutions:
#   Reduce memory load on the system
#   Increase physical memory or swap space
#   Check if swap backing store is full
#   Decrease Java heap size (-Xmx/-Xms)
#   Decrease number of Java threads
#   Decrease Java thread stack sizes (-Xss)
#   Set larger code cache with -XX:ReservedCodeCacheSize=
#   JVM is running with Unscaled Compressed Oops mode in which the Java heap is
#     placed in the first 4GB address space. The Java Heap base address is the
#     maximum limit for the native heap growth. Please use -XX:HeapBaseMinAddress
#     to set the Java Heap base and to place the Java Heap above 4GB virtual address.
# This output file may be truncated or incomplete.
#
#  Out of Memory Error (arena.cpp:168), pid=5724, tid=13612
#
# JRE version: OpenJDK Runtime Environment (21.0.5) (build 21.0.5+-12932927-b750.29)
# Java VM: OpenJDK 64-Bit Server VM (21.0.5+-12932927-b750.29, mixed mode, tiered, compressed oops, compressed class ptrs, g1 gc, windows-amd64)
# No core dump will be written. Minidumps are not enabled by default on client versions of Windows
#

---------------  S U M M A R Y ------------

Command Line: --add-opens=java.base/java.lang=ALL-UNNAMED --add-opens=java.base/java.lang.invoke=ALL-UNNAMED --add-opens=java.base/java.util=ALL-UNNAMED --add-opens=java.prefs/java.util.prefs=ALL-UNNAMED --add-exports=jdk.compiler/com.sun.tools.javac.api=ALL-UNNAMED --add-exports=jdk.compiler/com.sun.tools.javac.util=ALL-UNNAMED --add-opens=java.base/java.util=ALL-UNNAMED --add-opens=java.prefs/java.util.prefs=ALL-UNNAMED --add-opens=java.base/java.nio.charset=ALL-UNNAMED --add-opens=java.base/java.net=ALL-UNNAMED --add-opens=java.base/java.util.concurrent.atomic=ALL-UNNAMED --add-opens=java.xml/javax.xml.namespace=ALL-UNNAMED -Xmx2048m -Dfile.encoding=UTF-8 -Duser.country=GB -Duser.language=en -Duser.variant -javaagent:C:\Users\Manu\.gradle\wrapper\dists\gradle-8.11.1-bin\bpt9gzteqjrbo1mjrsomdt32c\gradle-8.11.1\lib\agents\gradle-instrumentation-agent-8.11.1.jar org.gradle.launcher.daemon.bootstrap.GradleDaemon 8.11.1

Host: Intel(R) Core(TM) i5-8250U CPU @ 1.60GHz, 8 cores, 7G,  Windows 11 , 64 bit Build 26100 (10.0.26100.3775)
Time: Fri Apr 18 03:26:12 2025 E. Africa Standard Time elapsed time: 6.611379 seconds (0d 0h 0m 6s)

---------------  T H R E A D  ---------------

Current thread (0x000001441ac58e70):  JavaThread "C2 CompilerThread2" daemon [_thread_in_native, id=13612, stack(0x00000010ee700000,0x00000010ee800000) (1024K)]


Current CompileTask:
C2:6611 5344   !   4       java.net.URLClassLoader$1::run (81 bytes)

Stack: [0x00000010ee700000,0x00000010ee800000]
Native frames: (J=compiled Java code, j=interpreted, Vv=VM code, C=native code)
V  [jvm.dll+0x6cfb29]
V  [jvm.dll+0x85ded3]
V  [jvm.dll+0x86042e]
V  [jvm.dll+0x860b13]
V  [jvm.dll+0x27e6b6]
V  [jvm.dll+0xbff6d]
V  [jvm.dll+0xc04a3]
V  [jvm.dll+0x3b5ffb]
V  [jvm.dll+0x381f97]
V  [jvm.dll+0x38140a]
V  [jvm.dll+0x247c62]
V  [jvm.dll+0x247231]
V  [jvm.dll+0x1c5ee4]
V  [jvm.dll+0x25697c]
V  [jvm.dll+0x254ec6]
V  [jvm.dll+0x3f0ce6]
V  [jvm.dll+0x806368]
V  [jvm.dll+0x6ce3fd]
C  [ucrtbase.dll+0x37b0]
C  [KERNEL32.DLL+0x2e8d7]
C  [ntdll.dll+0xb14fc]


---------------  P R O C E S S  ---------------

Threads class SMR info:
_java_thread_list=0x0000014419417d90, length=34, elements={
0x0000014479318cd0, 0x0000014417079fa0, 0x000001441707c570, 0x0000014417060e50,
0x00000144170642b0, 0x00000144170853c0, 0x0000014417088990, 0x00000144170b22a0,
0x00000144170c2d50, 0x000001441723ebc0, 0x00000144173922e0, 0x0000014417410410,
0x0000014418f088c0, 0x0000014418cc5d00, 0x0000014418191ae0, 0x0000014418e2def0,
0x0000014419173580, 0x0000014418cb6080, 0x0000014418cfda50, 0x0000014418547380,
0x00000144190af5a0, 0x00000144190adb60, 0x00000144190ae1f0, 0x00000144190b02c0,
0x00000144190afc30, 0x000001441ac58e70, 0x00000144190ae880, 0x00000144190b0fe0,
0x00000144190b0950, 0x00000144190aef10, 0x000001441bdaeb40, 0x000001441bdb0c10,
0x000001441bdafef0, 0x000001441bdaf1d0
}

Java Threads: ( => current thread )
  0x0000014479318cd0 JavaThread "main"                              [_thread_blocked, id=5328, stack(0x00000010ebf00000,0x00000010ec000000) (1024K)]
  0x0000014417079fa0 JavaThread "Reference Handler"          daemon [_thread_blocked, id=16732, stack(0x00000010ec700000,0x00000010ec800000) (1024K)]
  0x000001441707c570 JavaThread "Finalizer"                  daemon [_thread_blocked, id=13980, stack(0x00000010ec800000,0x00000010ec900000) (1024K)]
  0x0000014417060e50 JavaThread "Signal Dispatcher"          daemon [_thread_blocked, id=6568, stack(0x00000010ec900000,0x00000010eca00000) (1024K)]
  0x00000144170642b0 JavaThread "Attach Listener"            daemon [_thread_blocked, id=18604, stack(0x00000010eca00000,0x00000010ecb00000) (1024K)]
  0x00000144170853c0 JavaThread "Service Thread"             daemon [_thread_blocked, id=19896, stack(0x00000010ecb00000,0x00000010ecc00000) (1024K)]
  0x0000014417088990 JavaThread "Monitor Deflation Thread"   daemon [_thread_blocked, id=6056, stack(0x00000010ecc00000,0x00000010ecd00000) (1024K)]
  0x00000144170b22a0 JavaThread "C2 CompilerThread0"         daemon [_thread_in_native, id=20972, stack(0x00000010ecd00000,0x00000010ece00000) (1024K)]
  0x00000144170c2d50 JavaThread "C1 CompilerThread0"         daemon [_thread_blocked, id=18164, stack(0x00000010ece00000,0x00000010ecf00000) (1024K)]
  0x000001441723ebc0 JavaThread "Common-Cleaner"             daemon [_thread_blocked, id=12744, stack(0x00000010ecf00000,0x00000010ed000000) (1024K)]
  0x00000144173922e0 JavaThread "Notification Thread"        daemon [_thread_blocked, id=10832, stack(0x00000010ed000000,0x00000010ed100000) (1024K)]
  0x0000014417410410 JavaThread "C2 CompilerThread1"         daemon [_thread_in_native, id=19296, stack(0x00000010ed100000,0x00000010ed200000) (1024K)]
  0x0000014418f088c0 JavaThread "Daemon health stats"               [_thread_blocked, id=15348, stack(0x00000010ed700000,0x00000010ed800000) (1024K)]
  0x0000014418cc5d00 JavaThread "Incoming local TCP Connector on port 64707"        [_thread_in_native, id=20924, stack(0x00000010ed800000,0x00000010ed900000) (1024K)]
  0x0000014418191ae0 JavaThread "Daemon periodic checks"            [_thread_blocked, id=20688, stack(0x00000010ed900000,0x00000010eda00000) (1024K)]
  0x0000014418e2def0 JavaThread "Daemon"                            [_thread_blocked, id=20504, stack(0x00000010eda00000,0x00000010edb00000) (1024K)]
  0x0000014419173580 JavaThread "Handler for socket connection from /127.0.0.1:64707 to /127.0.0.1:64708"        [_thread_in_native, id=18492, stack(0x00000010edb00000,0x00000010edc00000) (1024K)]
  0x0000014418cb6080 JavaThread "Cancel handler"                    [_thread_blocked, id=12912, stack(0x00000010edc00000,0x00000010edd00000) (1024K)]
  0x0000014418cfda50 JavaThread "Daemon worker"                     [_thread_in_Java, id=18584, stack(0x00000010edd00000,0x00000010ede00000) (1024K)]
  0x0000014418547380 JavaThread "Asynchronous log dispatcher for DefaultDaemonConnection: socket connection from /127.0.0.1:64707 to /127.0.0.1:64708"        [_thread_blocked, id=19400, stack(0x00000010ede00000,0x00000010edf00000) (1024K)]
  0x00000144190af5a0 JavaThread "Stdin handler"                     [_thread_blocked, id=21292, stack(0x00000010edf00000,0x00000010ee000000) (1024K)]
  0x00000144190adb60 JavaThread "Daemon client event forwarder"        [_thread_blocked, id=9804, stack(0x00000010ee000000,0x00000010ee100000) (1024K)]
  0x00000144190ae1f0 JavaThread "Cache worker for journal cache (C:\Users\Manu\.gradle\caches\journal-1)"        [_thread_blocked, id=5440, stack(0x00000010ee400000,0x00000010ee500000) (1024K)]
  0x00000144190b02c0 JavaThread "File lock request listener"        [_thread_in_native, id=20828, stack(0x00000010ee500000,0x00000010ee600000) (1024K)]
  0x00000144190afc30 JavaThread "Cache worker for file hash cache (C:\Users\Manu\.gradle\caches\8.11.1\fileHashes)"        [_thread_blocked, id=11436, stack(0x00000010ee600000,0x00000010ee700000) (1024K)]
=>0x000001441ac58e70 JavaThread "C2 CompilerThread2"         daemon [_thread_in_native, id=13612, stack(0x00000010ee700000,0x00000010ee800000) (1024K)]
  0x00000144190ae880 JavaThread "Cache worker for file content cache (C:\Users\Manu\.gradle\caches\8.11.1\fileContent)"        [_thread_blocked, id=13772, stack(0x00000010ee800000,0x00000010ee900000) (1024K)]
  0x00000144190b0fe0 JavaThread "Cache worker for file hash cache (C:\Users\Manu\AndroidStudioProjects\FYPApplication\.gradle\8.11.1\fileHashes)"        [_thread_blocked, id=11020, stack(0x00000010ee900000,0x00000010eea00000) (1024K)]
  0x00000144190b0950 JavaThread "Cache worker for Build Output Cleanup Cache (C:\Users\Manu\AndroidStudioProjects\FYPApplication\.gradle\buildOutputCleanup)"        [_thread_blocked, id=5012, stack(0x00000010eea00000,0x00000010eeb00000) (1024K)]
  0x00000144190aef10 JavaThread "File watcher server"        daemon [_thread_in_native, id=3556, stack(0x00000010eeb00000,0x00000010eec00000) (1024K)]
  0x000001441bdaeb40 JavaThread "File watcher consumer"      daemon [_thread_blocked, id=16628, stack(0x00000010eec00000,0x00000010eed00000) (1024K)]
  0x000001441bdb0c10 JavaThread "Cache worker for checksums cache (C:\Users\Manu\AndroidStudioProjects\FYPApplication\.gradle\8.11.1\checksums)"        [_thread_blocked, id=1280, stack(0x00000010eed00000,0x00000010eee00000) (1024K)]
  0x000001441bdafef0 JavaThread "Cache worker for cache directory md-rule (C:\Users\Manu\.gradle\caches\8.11.1\md-rule)"        [_thread_blocked, id=7192, stack(0x00000010eee00000,0x00000010eef00000) (1024K)]
  0x000001441bdaf1d0 JavaThread "Cache worker for cache directory md-supplier (C:\Users\Manu\.gradle\caches\8.11.1\md-supplier)"        [_thread_blocked, id=14744, stack(0x00000010eef00000,0x00000010ef000000) (1024K)]
Total: 34

Other Threads:
  0x000001447fc8b5c0 VMThread "VM Thread"                           [id=14096, stack(0x00000010ec600000,0x00000010ec700000) (1024K)]
  0x000001447fc46f20 WatcherThread "VM Periodic Task Thread"        [id=4264, stack(0x00000010ec500000,0x00000010ec600000) (1024K)]
  0x00000144793ddf80 WorkerThread "GC Thread#0"                     [id=1888, stack(0x00000010ec000000,0x00000010ec100000) (1024K)]
  0x00000144177c1310 WorkerThread "GC Thread#1"                     [id=14612, stack(0x00000010ed300000,0x00000010ed400000) (1024K)]
  0x00000144177c16b0 WorkerThread "GC Thread#2"                     [id=10344, stack(0x00000010ed400000,0x00000010ed500000) (1024K)]
  0x0000014418015ba0 WorkerThread "GC Thread#3"                     [id=3312, stack(0x00000010ed500000,0x00000010ed600000) (1024K)]
  0x00000144181a14e0 WorkerThread "GC Thread#4"                     [id=20204, stack(0x00000010ed600000,0x00000010ed700000) (1024K)]
  0x0000014418b37e40 WorkerThread "GC Thread#5"                     [id=9424, stack(0x00000010ed200000,0x00000010ed300000) (1024K)]
  0x0000014418fff190 WorkerThread "GC Thread#6"                     [id=16872, stack(0x00000010ee100000,0x00000010ee200000) (1024K)]
  0x0000014418fff8d0 WorkerThread "GC Thread#7"                     [id=14656, stack(0x00000010ee200000,0x00000010ee300000) (1024K)]
  0x000001447b6260b0 ConcurrentGCThread "G1 Main Marker"            [id=3360, stack(0x00000010ec100000,0x00000010ec200000) (1024K)]
  0x000001447b627800 WorkerThread "G1 Conc#0"                       [id=20740, stack(0x00000010ec200000,0x00000010ec300000) (1024K)]
  0x0000014418ffdf70 WorkerThread "G1 Conc#1"                       [id=14948, stack(0x00000010ee300000,0x00000010ee400000) (1024K)]
  0x000001447fb19130 ConcurrentGCThread "G1 Refine#0"               [id=12436, stack(0x00000010ec300000,0x00000010ec400000) (1024K)]
  0x000001447fb1bac0 ConcurrentGCThread "G1 Service"                [id=15636, stack(0x00000010ec400000,0x00000010ec500000) (1024K)]
Total: 15

Threads with active compile tasks:
C2 CompilerThread0  8646 5345       4       java.net.URLClassLoader$1::run (5 bytes)
C1 CompilerThread0  8646 5430       3       org.objectweb.asm.MethodWriter::visitLocalVariable (222 bytes)
C2 CompilerThread1  8646 5426       4       java.lang.String::<init> (14 bytes)
C2 CompilerThread2  8646 5344   !   4       java.net.URLClassLoader$1::run (81 bytes)
Total: 4

VM state: not at safepoint (normal execution)

VM Mutex/Monitor currently owned by a thread: None

Heap address: 0x0000000080000000, size: 2048 MB, Compressed Oops mode: 32-bit

CDS archive(s) not mapped
Compressed class space mapped at: 0x0000000100000000-0x0000000140000000, reserved size: 1073741824
Narrow klass base: 0x0000000000000000, Narrow klass shift: 3, Narrow klass range: 0x140000000

GC Precious Log:
 CardTable entry size: 512
 Card Set container configuration: InlinePtr #cards 5 size 8 Array Of Cards #cards 12 size 40 Howl #buckets 4 coarsen threshold 1843 Howl Bitmap #cards 512 size 80 coarsen threshold 460 Card regions per heap region 1 cards per card region 2048
 CPUs: 8 total, 8 available
 Memory: 8035M
 Large Page Support: Disabled
 NUMA Support: Disabled
 Compressed Oops: Enabled (32-bit)
 Heap Region Size: 1M
 Heap Min Capacity: 8M
 Heap Initial Capacity: 126M
 Heap Max Capacity: 2G
 Pre-touch: Disabled
 Parallel Workers: 8
 Concurrent Workers: 2
 Concurrent Refinement Workers: 8
 Periodic GC: Disabled

Heap:
 garbage-first heap   total 101376K, used 67608K [0x0000000080000000, 0x0000000100000000)
  region size 1024K, 36 young (36864K), 6 survivors (6144K)
 Metaspace       used 62753K, committed 64320K, reserved 1114112K
  class space    used 8587K, committed 9344K, reserved 1048576K

Heap Regions: E=young(eden), S=young(survivor), O=old, HS=humongous(starts), HC=humongous(continues), CS=collection set, F=free, TAMS=top-at-mark-start, PB=parsable bottom
|   0|0x0000000080000000, 0x0000000080100000, 0x0000000080100000|100%| O|  |TAMS 0x0000000080000000| PB 0x0000000080000000| Untracked 
|   1|0x0000000080100000, 0x0000000080200000, 0x0000000080200000|100%|HS|  |TAMS 0x0000000080100000| PB 0x0000000080100000| Complete 
|   2|0x0000000080200000, 0x0000000080300000, 0x0000000080300000|100%|HC|  |TAMS 0x0000000080200000| PB 0x0000000080200000| Complete 
|   3|0x0000000080300000, 0x0000000080400000, 0x0000000080400000|100%|HC|  |TAMS 0x0000000080300000| PB 0x0000000080300000| Complete 
|   4|0x0000000080400000, 0x0000000080500000, 0x0000000080500000|100%| O|  |TAMS 0x0000000080400000| PB 0x0000000080400000| Untracked 
|   5|0x0000000080500000, 0x0000000080600000, 0x0000000080600000|100%| O|  |TAMS 0x0000000080500000| PB 0x0000000080500000| Untracked 
|   6|0x0000000080600000, 0x0000000080700000, 0x0000000080700000|100%| O|  |TAMS 0x0000000080600000| PB 0x0000000080600000| Untracked 
|   7|0x0000000080700000, 0x0000000080800000, 0x0000000080800000|100%|HS|  |TAMS 0x0000000080700000| PB 0x0000000080700000| Complete 
|   8|0x0000000080800000, 0x0000000080900000, 0x0000000080900000|100%| O|  |TAMS 0x0000000080800000| PB 0x0000000080800000| Untracked 
|   9|0x0000000080900000, 0x0000000080a00000, 0x0000000080a00000|100%| O|  |TAMS 0x0000000080900000| PB 0x0000000080900000| Untracked 
|  10|0x0000000080a00000, 0x0000000080b00000, 0x0000000080b00000|100%| O|  |TAMS 0x0000000080a00000| PB 0x0000000080a00000| Untracked 
|  11|0x0000000080b00000, 0x0000000080c00000, 0x0000000080c00000|100%| O|  |TAMS 0x0000000080b00000| PB 0x0000000080b00000| Untracked 
|  12|0x0000000080c00000, 0x0000000080d00000, 0x0000000080d00000|100%| O|  |TAMS 0x0000000080c00000| PB 0x0000000080c00000| Untracked 
|  13|0x0000000080d00000, 0x0000000080e00000, 0x0000000080e00000|100%| O|  |TAMS 0x0000000080d00000| PB 0x0000000080d00000| Untracked 
|  14|0x0000000080e00000, 0x0000000080f00000, 0x0000000080f00000|100%| O|  |TAMS 0x0000000080e00000| PB 0x0000000080e00000| Untracked 
|  15|0x0000000080f00000, 0x0000000081000000, 0x0000000081000000|100%| O|  |TAMS 0x0000000080f00000| PB 0x0000000080f00000| Untracked 
|  16|0x0000000081000000, 0x0000000081100000, 0x0000000081100000|100%| O|  |TAMS 0x0000000081000000| PB 0x0000000081000000| Untracked 
|  17|0x0000000081100000, 0x0000000081200000, 0x0000000081200000|100%| O|Cm|TAMS 0x0000000081100000| PB 0x0000000081100000| Complete 
|  18|0x0000000081200000, 0x0000000081300000, 0x0000000081300000|100%| O|  |TAMS 0x0000000081200000| PB 0x0000000081200000| Untracked 
|  19|0x0000000081300000, 0x0000000081400000, 0x0000000081400000|100%| O|  |TAMS 0x0000000081300000| PB 0x0000000081300000| Untracked 
|  20|0x0000000081400000, 0x0000000081500000, 0x0000000081500000|100%| O|  |TAMS 0x0000000081400000| PB 0x0000000081400000| Untracked 
|  21|0x0000000081500000, 0x0000000081600000, 0x0000000081600000|100%| O|  |TAMS 0x0000000081500000| PB 0x0000000081500000| Untracked 
|  22|0x0000000081600000, 0x0000000081700000, 0x0000000081700000|100%| O|  |TAMS 0x0000000081600000| PB 0x0000000081600000| Untracked 
|  23|0x0000000081700000, 0x0000000081800000, 0x0000000081800000|100%| O|  |TAMS 0x0000000081700000| PB 0x0000000081700000| Untracked 
|  24|0x0000000081800000, 0x0000000081900000, 0x0000000081900000|100%| O|  |TAMS 0x0000000081800000| PB 0x0000000081800000| Untracked 
|  25|0x0000000081900000, 0x0000000081a00000, 0x0000000081a00000|100%| O|  |TAMS 0x0000000081900000| PB 0x0000000081900000| Untracked 
|  26|0x0000000081a00000, 0x0000000081a45440, 0x0000000081b00000| 27%| O|  |TAMS 0x0000000081a00000| PB 0x0000000081a00000| Untracked 
|  27|0x0000000081b00000, 0x0000000081b00000, 0x0000000081c00000|  0%| F|  |TAMS 0x0000000081b00000| PB 0x0000000081b00000| Untracked 
|  28|0x0000000081c00000, 0x0000000081c00000, 0x0000000081d00000|  0%| F|  |TAMS 0x0000000081c00000| PB 0x0000000081c00000| Untracked 
|  29|0x0000000081d00000, 0x0000000081d00000, 0x0000000081e00000|  0%| F|  |TAMS 0x0000000081d00000| PB 0x0000000081d00000| Untracked 
|  30|0x0000000081e00000, 0x0000000081e00000, 0x0000000081f00000|  0%| F|  |TAMS 0x0000000081e00000| PB 0x0000000081e00000| Untracked 
|  31|0x0000000081f00000, 0x0000000081f00000, 0x0000000082000000|  0%| F|  |TAMS 0x0000000081f00000| PB 0x0000000081f00000| Untracked 
|  32|0x0000000082000000, 0x0000000082000000, 0x0000000082100000|  0%| F|  |TAMS 0x0000000082000000| PB 0x0000000082000000| Untracked 
|  33|0x0000000082100000, 0x0000000082100000, 0x0000000082200000|  0%| F|  |TAMS 0x0000000082100000| PB 0x0000000082100000| Untracked 
|  34|0x0000000082200000, 0x0000000082200000, 0x0000000082300000|  0%| F|  |TAMS 0x0000000082200000| PB 0x0000000082200000| Untracked 
|  35|0x0000000082300000, 0x0000000082300000, 0x0000000082400000|  0%| F|  |TAMS 0x0000000082300000| PB 0x0000000082300000| Untracked 
|  36|0x0000000082400000, 0x0000000082400000, 0x0000000082500000|  0%| F|  |TAMS 0x0000000082400000| PB 0x0000000082400000| Untracked 
|  37|0x0000000082500000, 0x0000000082500000, 0x0000000082600000|  0%| F|  |TAMS 0x0000000082500000| PB 0x0000000082500000| Untracked 
|  38|0x0000000082600000, 0x0000000082600000, 0x0000000082700000|  0%| F|  |TAMS 0x0000000082600000| PB 0x0000000082600000| Untracked 
|  39|0x0000000082700000, 0x0000000082700000, 0x0000000082800000|  0%| F|  |TAMS 0x0000000082700000| PB 0x0000000082700000| Untracked 
|  40|0x0000000082800000, 0x0000000082800000, 0x0000000082900000|  0%| F|  |TAMS 0x0000000082800000| PB 0x0000000082800000| Untracked 
|  41|0x0000000082900000, 0x0000000082900000, 0x0000000082a00000|  0%| F|  |TAMS 0x0000000082900000| PB 0x0000000082900000| Untracked 
|  42|0x0000000082a00000, 0x0000000082a00000, 0x0000000082b00000|  0%| F|  |TAMS 0x0000000082a00000| PB 0x0000000082a00000| Untracked 
|  43|0x0000000082b00000, 0x0000000082b00000, 0x0000000082c00000|  0%| F|  |TAMS 0x0000000082b00000| PB 0x0000000082b00000| Untracked 
|  44|0x0000000082c00000, 0x0000000082c00000, 0x0000000082d00000|  0%| F|  |TAMS 0x0000000082c00000| PB 0x0000000082c00000| Untracked 
|  45|0x0000000082d00000, 0x0000000082d00000, 0x0000000082e00000|  0%| F|  |TAMS 0x0000000082d00000| PB 0x0000000082d00000| Untracked 
|  46|0x0000000082e00000, 0x0000000082e00000, 0x0000000082f00000|  0%| F|  |TAMS 0x0000000082e00000| PB 0x0000000082e00000| Untracked 
|  47|0x0000000082f00000, 0x0000000082fc0c60, 0x0000000083000000| 75%| S|CS|TAMS 0x0000000082f00000| PB 0x0000000082f00000| Complete 
|  48|0x0000000083000000, 0x0000000083100000, 0x0000000083100000|100%| S|CS|TAMS 0x0000000083000000| PB 0x0000000083000000| Complete 
|  49|0x0000000083100000, 0x0000000083200000, 0x0000000083200000|100%| S|CS|TAMS 0x0000000083100000| PB 0x0000000083100000| Complete 
|  50|0x0000000083200000, 0x0000000083300000, 0x0000000083300000|100%| S|CS|TAMS 0x0000000083200000| PB 0x0000000083200000| Complete 
|  51|0x0000000083300000, 0x0000000083400000, 0x0000000083400000|100%| S|CS|TAMS 0x0000000083300000| PB 0x0000000083300000| Complete 
|  52|0x0000000083400000, 0x0000000083500000, 0x0000000083500000|100%| S|CS|TAMS 0x0000000083400000| PB 0x0000000083400000| Complete 
|  53|0x0000000083500000, 0x0000000083500000, 0x0000000083600000|  0%| F|  |TAMS 0x0000000083500000| PB 0x0000000083500000| Untracked 
|  54|0x0000000083600000, 0x0000000083600000, 0x0000000083700000|  0%| F|  |TAMS 0x0000000083600000| PB 0x0000000083600000| Untracked 
|  55|0x0000000083700000, 0x0000000083700000, 0x0000000083800000|  0%| F|  |TAMS 0x0000000083700000| PB 0x0000000083700000| Untracked 
|  56|0x0000000083800000, 0x0000000083800000, 0x0000000083900000|  0%| F|  |TAMS 0x0000000083800000| PB 0x0000000083800000| Untracked 
|  57|0x0000000083900000, 0x0000000083900000, 0x0000000083a00000|  0%| F|  |TAMS 0x0000000083900000| PB 0x0000000083900000| Untracked 
|  58|0x0000000083a00000, 0x0000000083a00000, 0x0000000083b00000|  0%| F|  |TAMS 0x0000000083a00000| PB 0x0000000083a00000| Untracked 
|  59|0x0000000083b00000, 0x0000000083b00000, 0x0000000083c00000|  0%| F|  |TAMS 0x0000000083b00000| PB 0x0000000083b00000| Untracked 
|  60|0x0000000083c00000, 0x0000000083c00000, 0x0000000083d00000|  0%| F|  |TAMS 0x0000000083c00000| PB 0x0000000083c00000| Untracked 
|  61|0x0000000083d00000, 0x0000000083d00000, 0x0000000083e00000|  0%| F|  |TAMS 0x0000000083d00000| PB 0x0000000083d00000| Untracked 
|  62|0x0000000083e00000, 0x0000000083e00000, 0x0000000083f00000|  0%| F|  |TAMS 0x0000000083e00000| PB 0x0000000083e00000| Untracked 
|  63|0x0000000083f00000, 0x0000000083f00000, 0x0000000084000000|  0%| F|  |TAMS 0x0000000083f00000| PB 0x0000000083f00000| Untracked 
|  64|0x0000000084000000, 0x0000000084080000, 0x0000000084100000| 50%| E|  |TAMS 0x0000000084000000| PB 0x0000000084000000| Complete 
|  65|0x0000000084100000, 0x0000000084200000, 0x0000000084200000|100%| E|CS|TAMS 0x0000000084100000| PB 0x0000000084100000| Complete 
|  66|0x0000000084200000, 0x0000000084300000, 0x0000000084300000|100%| E|CS|TAMS 0x0000000084200000| PB 0x0000000084200000| Complete 
|  67|0x0000000084300000, 0x0000000084400000, 0x0000000084400000|100%| E|CS|TAMS 0x0000000084300000| PB 0x0000000084300000| Complete 
|  68|0x0000000084400000, 0x0000000084500000, 0x0000000084500000|100%| E|CS|TAMS 0x0000000084400000| PB 0x0000000084400000| Complete 
|  69|0x0000000084500000, 0x0000000084600000, 0x0000000084600000|100%| E|CS|TAMS 0x0000000084500000| PB 0x0000000084500000| Complete 
|  70|0x0000000084600000, 0x0000000084700000, 0x0000000084700000|100%| E|CS|TAMS 0x0000000084600000| PB 0x0000000084600000| Complete 
|  71|0x0000000084700000, 0x0000000084800000, 0x0000000084800000|100%| E|CS|TAMS 0x0000000084700000| PB 0x0000000084700000| Complete 
|  72|0x0000000084800000, 0x0000000084900000, 0x0000000084900000|100%| E|CS|TAMS 0x0000000084800000| PB 0x0000000084800000| Complete 
|  73|0x0000000084900000, 0x0000000084a00000, 0x0000000084a00000|100%| E|CS|TAMS 0x0000000084900000| PB 0x0000000084900000| Complete 
|  74|0x0000000084a00000, 0x0000000084b00000, 0x0000000084b00000|100%| E|CS|TAMS 0x0000000084a00000| PB 0x0000000084a00000| Complete 
|  75|0x0000000084b00000, 0x0000000084c00000, 0x0000000084c00000|100%| E|CS|TAMS 0x0000000084b00000| PB 0x0000000084b00000| Complete 
|  76|0x0000000084c00000, 0x0000000084d00000, 0x0000000084d00000|100%| E|CS|TAMS 0x0000000084c00000| PB 0x0000000084c00000| Complete 
|  77|0x0000000084d00000, 0x0000000084e00000, 0x0000000084e00000|100%| E|CS|TAMS 0x0000000084d00000| PB 0x0000000084d00000| Complete 
|  78|0x0000000084e00000, 0x0000000084f00000, 0x0000000084f00000|100%| E|CS|TAMS 0x0000000084e00000| PB 0x0000000084e00000| Complete 
|  79|0x0000000084f00000, 0x0000000085000000, 0x0000000085000000|100%| E|CS|TAMS 0x0000000084f00000| PB 0x0000000084f00000| Complete 
|  80|0x0000000085000000, 0x0000000085100000, 0x0000000085100000|100%| E|CS|TAMS 0x0000000085000000| PB 0x0000000085000000| Complete 
|  81|0x0000000085100000, 0x0000000085200000, 0x0000000085200000|100%| E|CS|TAMS 0x0000000085100000| PB 0x0000000085100000| Complete 
|  82|0x0000000085200000, 0x0000000085300000, 0x0000000085300000|100%| E|CS|TAMS 0x0000000085200000| PB 0x0000000085200000| Complete 
|  83|0x0000000085300000, 0x0000000085400000, 0x0000000085400000|100%| E|CS|TAMS 0x0000000085300000| PB 0x0000000085300000| Complete 
|  90|0x0000000085a00000, 0x0000000085b00000, 0x0000000085b00000|100%| E|CS|TAMS 0x0000000085a00000| PB 0x0000000085a00000| Complete 
|  91|0x0000000085b00000, 0x0000000085c00000, 0x0000000085c00000|100%| E|CS|TAMS 0x0000000085b00000| PB 0x0000000085b00000| Complete 
|  92|0x0000000085c00000, 0x0000000085d00000, 0x0000000085d00000|100%| E|CS|TAMS 0x0000000085c00000| PB 0x0000000085c00000| Complete 
|  93|0x0000000085d00000, 0x0000000085e00000, 0x0000000085e00000|100%| E|CS|TAMS 0x0000000085d00000| PB 0x0000000085d00000| Complete 
|  94|0x0000000085e00000, 0x0000000085f00000, 0x0000000085f00000|100%| E|CS|TAMS 0x0000000085e00000| PB 0x0000000085e00000| Complete 
|  95|0x0000000085f00000, 0x0000000086000000, 0x0000000086000000|100%| E|CS|TAMS 0x0000000085f00000| PB 0x0000000085f00000| Complete 
|  96|0x0000000086000000, 0x0000000086100000, 0x0000000086100000|100%| E|CS|TAMS 0x0000000086000000| PB 0x0000000086000000| Complete 
|  97|0x0000000086100000, 0x0000000086200000, 0x0000000086200000|100%| E|CS|TAMS 0x0000000086100000| PB 0x0000000086100000| Complete 
|  98|0x0000000086200000, 0x0000000086300000, 0x0000000086300000|100%| E|CS|TAMS 0x0000000086200000| PB 0x0000000086200000| Complete 
| 125|0x0000000087d00000, 0x0000000087e00000, 0x0000000087e00000|100%| E|CS|TAMS 0x0000000087d00000| PB 0x0000000087d00000| Complete 
|2043|0x00000000ffb00000, 0x00000000ffc00000, 0x00000000ffc00000|100%| O|  |TAMS 0x00000000ffb00000| PB 0x00000000ffb00000| Untracked 
|2044|0x00000000ffc00000, 0x00000000ffd00000, 0x00000000ffd00000|100%| O|  |TAMS 0x00000000ffc00000| PB 0x00000000ffc00000| Untracked 
|2045|0x00000000ffd00000, 0x00000000ffe00000, 0x00000000ffe00000|100%| O|  |TAMS 0x00000000ffd00000| PB 0x00000000ffd00000| Untracked 
|2046|0x00000000ffe00000, 0x00000000fff00000, 0x00000000fff00000|100%| O|  |TAMS 0x00000000ffe00000| PB 0x00000000ffe00000| Untracked 
|2047|0x00000000fff00000, 0x0000000100000000, 0x0000000100000000|100%| O|  |TAMS 0x00000000fff00000| PB 0x00000000fff00000| Untracked 

Card table byte_map: [0x000001447ee40000,0x000001447f240000] _byte_map_base: 0x000001447ea40000

Marking Bits: (CMBitMap*) 0x00000144793de590
 Bits: [0x000001440f000000, 0x0000014411000000)

Polling page: 0x0000014479500000

Metaspace:

Usage:
  Non-class:     52.95 MB used.
      Class:      8.39 MB used.
       Both:     61.34 MB used.

Virtual space:
  Non-class space:       64.00 MB reserved,      53.75 MB ( 84%) committed,  1 nodes.
      Class space:        1.00 GB reserved,       9.12 MB ( <1%) committed,  1 nodes.
             Both:        1.06 GB reserved,      62.88 MB (  6%) committed. 

Chunk freelists:
   Non-Class:  9.50 MB
       Class:  6.70 MB
        Both:  16.20 MB

MaxMetaspaceSize: unlimited
CompressedClassSpaceSize: 1.00 GB
Initial GC threshold: 21.00 MB
Current GC threshold: 98.75 MB
CDS: off
 - commit_granule_bytes: 65536.
 - commit_granule_words: 8192.
 - virtual_space_node_default_size: 8388608.
 - enlarge_chunks_in_place: 1.
 - use_allocation_guard: 0.


Internal statistics:

num_allocs_failed_limit: 9.
num_arena_births: 2940.
num_arena_deaths: 0.
num_vsnodes_births: 2.
num_vsnodes_deaths: 0.
num_space_committed: 1006.
num_space_uncommitted: 0.
num_chunks_returned_to_freelist: 9.
num_chunks_taken_from_freelist: 5424.
num_chunk_merges: 9.
num_chunk_splits: 3553.
num_chunks_enlarged: 2240.
num_inconsistent_stats: 0.

CodeHeap 'non-profiled nmethods': size=120000Kb used=3080Kb max_used=3080Kb free=116920Kb
 bounds [0x0000014407ad0000, 0x0000014407de0000, 0x000001440f000000]
CodeHeap 'profiled nmethods': size=120000Kb used=8941Kb max_used=8941Kb free=111058Kb
 bounds [0x0000014400000000, 0x00000144008c0000, 0x0000014407530000]
CodeHeap 'non-nmethods': size=5760Kb used=1965Kb max_used=2036Kb free=3794Kb
 bounds [0x0000014407530000, 0x00000144077a0000, 0x0000014407ad0000]
 total_blobs=5575 nmethods=4832 adapters=646
 compilation: enabled
              stopped_count=0, restarted_count=0
 full_count=0

Compilation events (20 events):
Event: 6.559 Thread 0x00000144170c2d50 5406       3       sun.reflect.generics.scope.AbstractScope::lookup (66 bytes)
Event: 6.560 Thread 0x00000144170c2d50 nmethod 5406 0x00000144008af590 code [0x00000144008af7c0, 0x00000144008aff78]
Event: 6.560 Thread 0x00000144170c2d50 5404       1       sun.reflect.generics.tree.Wildcard::getUpperBounds (5 bytes)
Event: 6.560 Thread 0x00000144170c2d50 nmethod 5404 0x0000014407dcbf90 code [0x0000014407dcc120, 0x0000014407dcc1e8]
Event: 6.560 Thread 0x00000144170c2d50 5407       1       com.google.common.collect.LinkedHashMultimap$ValueSet::setSuccessorInValueSet (6 bytes)
Event: 6.560 Thread 0x00000144170c2d50 nmethod 5407 0x0000014407dcc290 code [0x0000014407dcc420, 0x0000014407dcc530]
Event: 6.562 Thread 0x00000144170c2d50 5409       3       java.lang.invoke.MethodHandleImpl::checkSpreadArgument (81 bytes)
Event: 6.563 Thread 0x00000144170c2d50 nmethod 5409 0x00000144008b0210 code [0x00000144008b04a0, 0x00000144008b0ee8]
Event: 6.569 Thread 0x00000144170c2d50 5411       1       org.gradle.internal.operations.BuildOperationDescriptor::getParentId (5 bytes)
Event: 6.569 Thread 0x00000144170c2d50 nmethod 5411 0x0000014407dcc890 code [0x0000014407dcca20, 0x0000014407dccae8]
Event: 6.570 Thread 0x00000144170c2d50 5412       3       jdk.internal.misc.VM::isModuleSystemInited (13 bytes)
Event: 6.570 Thread 0x00000144170c2d50 nmethod 5412 0x00000144008b1210 code [0x00000144008b13a0, 0x00000144008b14f0]
Event: 6.572 Thread 0x00000144170c2d50 5413       3       java.lang.invoke.InvokerBytecodeGenerator::addMethod (725 bytes)
Event: 6.572 Thread 0x0000014417410410 nmethod 5398 0x0000014407dccb90 code [0x0000014407dccde0, 0x0000014407dcdbd8]
Event: 6.573 Thread 0x0000014417410410 5408       4       org.objectweb.asm.Label::<init> (5 bytes)
Event: 6.573 Thread 0x0000014417410410 nmethod 5408 0x0000014407dce410 code [0x0000014407dce5a0, 0x0000014407dce628]
Event: 6.573 Thread 0x0000014417410410 5405       4       com.google.common.reflect.TypeResolver$TypeVariableKey::equalsTypeVariable (48 bytes)
Event: 6.575 Thread 0x00000144170c2d50 nmethod 5413 0x00000144008b1590 code [0x00000144008b1b00, 0x00000144008b3dc0]
Event: 6.575 Thread 0x00000144170c2d50 5414       3       java.lang.invoke.InvokerBytecodeGenerator::methodEpilogue (17 bytes)
Event: 6.575 Thread 0x00000144170c2d50 nmethod 5414 0x00000144008b4a10 code [0x00000144008b4be0, 0x00000144008b4e88]

GC Heap History (20 events):
Event: 1.166 GC heap before
{Heap before GC invocations=1 (full 0):
 garbage-first heap   total 129024K, used 39509K [0x0000000080000000, 0x0000000100000000)
  region size 1024K, 36 young (36864K), 3 survivors (3072K)
 Metaspace       used 12128K, committed 12352K, reserved 1114112K
  class space    used 1273K, committed 1408K, reserved 1048576K
}
Event: 1.171 GC heap after
{Heap after GC invocations=2 (full 0):
 garbage-first heap   total 129024K, used 11017K [0x0000000080000000, 0x0000000100000000)
  region size 1024K, 5 young (5120K), 5 survivors (5120K)
 Metaspace       used 12128K, committed 12352K, reserved 1114112K
  class space    used 1273K, committed 1408K, reserved 1048576K
}
Event: 1.917 GC heap before
{Heap before GC invocations=2 (full 0):
 garbage-first heap   total 129024K, used 58121K [0x0000000080000000, 0x0000000100000000)
  region size 1024K, 50 young (51200K), 5 survivors (5120K)
 Metaspace       used 12943K, committed 13184K, reserved 1114112K
  class space    used 1419K, committed 1536K, reserved 1048576K
}
Event: 1.923 GC heap after
{Heap after GC invocations=3 (full 0):
 garbage-first heap   total 129024K, used 16763K [0x0000000080000000, 0x0000000100000000)
  region size 1024K, 5 young (5120K), 5 survivors (5120K)
 Metaspace       used 12943K, committed 13184K, reserved 1114112K
  class space    used 1419K, committed 1536K, reserved 1048576K
}
Event: 2.488 GC heap before
{Heap before GC invocations=3 (full 0):
 garbage-first heap   total 129024K, used 43387K [0x0000000080000000, 0x0000000100000000)
  region size 1024K, 32 young (32768K), 5 survivors (5120K)
 Metaspace       used 21148K, committed 21504K, reserved 1114112K
  class space    used 2437K, committed 2624K, reserved 1048576K
}
Event: 2.492 GC heap after
{Heap after GC invocations=4 (full 0):
 garbage-first heap   total 129024K, used 20257K [0x0000000080000000, 0x0000000100000000)
  region size 1024K, 9 young (9216K), 9 survivors (9216K)
 Metaspace       used 21148K, committed 21504K, reserved 1114112K
  class space    used 2437K, committed 2624K, reserved 1048576K
}
Event: 3.317 GC heap before
{Heap before GC invocations=5 (full 0):
 garbage-first heap   total 71680K, used 70433K [0x0000000080000000, 0x0000000100000000)
  region size 1024K, 58 young (59392K), 9 survivors (9216K)
 Metaspace       used 29341K, committed 29952K, reserved 1114112K
  class space    used 3746K, committed 4032K, reserved 1048576K
}
Event: 3.327 GC heap after
{Heap after GC invocations=6 (full 0):
 garbage-first heap   total 83968K, used 23382K [0x0000000080000000, 0x0000000100000000)
  region size 1024K, 7 young (7168K), 7 survivors (7168K)
 Metaspace       used 29341K, committed 29952K, reserved 1114112K
  class space    used 3746K, committed 4032K, reserved 1048576K
}
Event: 3.881 GC heap before
{Heap before GC invocations=6 (full 0):
 garbage-first heap   total 83968K, used 66390K [0x0000000080000000, 0x0000000100000000)
  region size 1024K, 49 young (50176K), 7 survivors (7168K)
 Metaspace       used 35116K, committed 35968K, reserved 1114112K
  class space    used 4700K, committed 5120K, reserved 1048576K
}
Event: 3.887 GC heap after
{Heap after GC invocations=7 (full 0):
 garbage-first heap   total 83968K, used 25732K [0x0000000080000000, 0x0000000100000000)
  region size 1024K, 6 young (6144K), 6 survivors (6144K)
 Metaspace       used 35116K, committed 35968K, reserved 1114112K
  class space    used 4700K, committed 5120K, reserved 1048576K
}
Event: 3.898 GC heap before
{Heap before GC invocations=7 (full 0):
 garbage-first heap   total 83968K, used 26756K [0x0000000080000000, 0x0000000100000000)
  region size 1024K, 8 young (8192K), 6 survivors (6144K)
 Metaspace       used 35240K, committed 36096K, reserved 1114112K
  class space    used 4723K, committed 5184K, reserved 1048576K
}
Event: 3.903 GC heap after
{Heap after GC invocations=8 (full 0):
 garbage-first heap   total 83968K, used 26206K [0x0000000080000000, 0x0000000100000000)
  region size 1024K, 4 young (4096K), 4 survivors (4096K)
 Metaspace       used 35240K, committed 36096K, reserved 1114112K
  class space    used 4723K, committed 5184K, reserved 1048576K
}
Event: 4.412 GC heap before
{Heap before GC invocations=9 (full 0):
 garbage-first heap   total 83968K, used 70238K [0x0000000080000000, 0x0000000100000000)
  region size 1024K, 48 young (49152K), 4 survivors (4096K)
 Metaspace       used 41806K, committed 43008K, reserved 1114112K
  class space    used 5669K, committed 6272K, reserved 1048576K
}
Event: 4.418 GC heap after
{Heap after GC invocations=10 (full 0):
 garbage-first heap   total 101376K, used 29047K [0x0000000080000000, 0x0000000100000000)
  region size 1024K, 6 young (6144K), 6 survivors (6144K)
 Metaspace       used 41806K, committed 43008K, reserved 1114112K
  class space    used 5669K, committed 6272K, reserved 1048576K
}
Event: 4.873 GC heap before
{Heap before GC invocations=10 (full 0):
 garbage-first heap   total 101376K, used 82295K [0x0000000080000000, 0x0000000100000000)
  region size 1024K, 59 young (60416K), 6 survivors (6144K)
 Metaspace       used 46686K, committed 48000K, reserved 1114112K
  class space    used 6229K, committed 6912K, reserved 1048576K
}
Event: 4.883 GC heap after
{Heap after GC invocations=11 (full 0):
 garbage-first heap   total 101376K, used 32305K [0x0000000080000000, 0x0000000100000000)
  region size 1024K, 7 young (7168K), 7 survivors (7168K)
 Metaspace       used 46686K, committed 48000K, reserved 1114112K
  class space    used 6229K, committed 6912K, reserved 1048576K
}
Event: 5.527 GC heap before
{Heap before GC invocations=11 (full 0):
 garbage-first heap   total 101376K, used 86577K [0x0000000080000000, 0x0000000100000000)
  region size 1024K, 59 young (60416K), 7 survivors (7168K)
 Metaspace       used 53158K, committed 54656K, reserved 1114112K
  class space    used 7151K, committed 7872K, reserved 1048576K
}
Event: 5.535 GC heap after
{Heap after GC invocations=12 (full 0):
 garbage-first heap   total 101376K, used 35726K [0x0000000080000000, 0x0000000100000000)
  region size 1024K, 7 young (7168K), 7 survivors (7168K)
 Metaspace       used 53158K, committed 54656K, reserved 1114112K
  class space    used 7151K, committed 7872K, reserved 1048576K
}
Event: 6.081 GC heap before
{Heap before GC invocations=12 (full 0):
 garbage-first heap   total 101376K, used 76686K [0x0000000080000000, 0x0000000100000000)
  region size 1024K, 48 young (49152K), 7 survivors (7168K)
 Metaspace       used 58889K, committed 60416K, reserved 1114112K
  class space    used 7945K, committed 8704K, reserved 1048576K
}
Event: 6.088 GC heap after
{Heap after GC invocations=13 (full 0):
 garbage-first heap   total 101376K, used 37912K [0x0000000080000000, 0x0000000100000000)
  region size 1024K, 6 young (6144K), 6 survivors (6144K)
 Metaspace       used 58889K, committed 60416K, reserved 1114112K
  class space    used 7945K, committed 8704K, reserved 1048576K
}

Dll operation events (3 events):
Event: 0.011 Loaded shared library C:\Program Files\Android\Android Studio2\jbr\bin\java.dll
Event: 0.017 Loaded shared library C:\Program Files\Android\Android Studio2\jbr\bin\zip.dll
Event: 0.654 Loaded shared library C:\Program Files\Android\Android Studio2\jbr\bin\verify.dll

Deoptimization events (20 events):
Event: 6.385 Thread 0x0000014418cfda50 Uncommon trap: trap_request=0xffffffde fr.pc=0x0000014407d7c6f4 relative=0x0000000000005634
Event: 6.385 Thread 0x0000014418cfda50 Uncommon trap: reason=class_check action=maybe_recompile pc=0x0000014407d7c6f4 method=java.net.URLClassLoader.defineClass(Ljava/lang/String;Ljdk/internal/loader/Resource;)Ljava/lang/Class; @ 34 c2
Event: 6.385 Thread 0x0000014418cfda50 DEOPT PACKING pc=0x0000014407d7c6f4 sp=0x00000010eddf8590
Event: 6.385 Thread 0x0000014418cfda50 DEOPT UNPACKING pc=0x00000144075846a2 sp=0x00000010eddf8548 mode 2
Event: 6.523 Thread 0x0000014418cfda50 Uncommon trap: trap_request=0xffffff45 fr.pc=0x0000014407b2de48 relative=0x0000000000000408
Event: 6.523 Thread 0x0000014418cfda50 Uncommon trap: reason=unstable_if action=reinterpret pc=0x0000014407b2de48 method=org.gradle.internal.reflect.PropertyAccessorType.isGetGetterName(Ljava/lang/String;)Z @ 14 c2
Event: 6.523 Thread 0x0000014418cfda50 DEOPT PACKING pc=0x0000014407b2de48 sp=0x00000010eddf8ee0
Event: 6.524 Thread 0x0000014418cfda50 DEOPT UNPACKING pc=0x00000144075846a2 sp=0x00000010eddf8e38 mode 2
Event: 6.539 Thread 0x0000014418cfda50 Uncommon trap: trap_request=0xffffff45 fr.pc=0x0000014407d8c624 relative=0x0000000000000424
Event: 6.539 Thread 0x0000014418cfda50 Uncommon trap: reason=unstable_if action=reinterpret pc=0x0000014407d8c624 method=org.objectweb.asm.MethodWriter.visitVarInsn(II)V @ 108 c2
Event: 6.539 Thread 0x0000014418cfda50 DEOPT PACKING pc=0x0000014407d8c624 sp=0x00000010eddf8a90
Event: 6.539 Thread 0x0000014418cfda50 DEOPT UNPACKING pc=0x00000144075846a2 sp=0x00000010eddf8a48 mode 2
Event: 6.539 Thread 0x0000014418cfda50 Uncommon trap: trap_request=0xffffff45 fr.pc=0x0000014407adddac relative=0x000000000000010c
Event: 6.539 Thread 0x0000014418cfda50 Uncommon trap: reason=unstable_if action=reinterpret pc=0x0000014407adddac method=org.objectweb.asm.ByteVector.putShort(I)Lorg/objectweb/asm/ByteVector; @ 13 c2
Event: 6.539 Thread 0x0000014418cfda50 DEOPT PACKING pc=0x0000014407adddac sp=0x00000010eddf89c0
Event: 6.539 Thread 0x0000014418cfda50 DEOPT UNPACKING pc=0x00000144075846a2 sp=0x00000010eddf8958 mode 2
Event: 6.569 Thread 0x0000014418cfda50 Uncommon trap: trap_request=0xffffff45 fr.pc=0x0000014407cb4bec relative=0x000000000000184c
Event: 6.569 Thread 0x0000014418cfda50 Uncommon trap: reason=unstable_if action=reinterpret pc=0x0000014407cb4bec method=java.util.concurrent.ConcurrentHashMap.computeIfAbsent(Ljava/lang/Object;Ljava/util/function/Function;)Ljava/lang/Object; @ 123 c2
Event: 6.569 Thread 0x0000014418cfda50 DEOPT PACKING pc=0x0000014407cb4bec sp=0x00000010eddf9dd0
Event: 6.569 Thread 0x0000014418cfda50 DEOPT UNPACKING pc=0x00000144075846a2 sp=0x00000010eddf9d70 mode 2

Classes loaded (20 events):
Event: 6.374 Loading class java/io/ObjectStreamClass$1
Event: 6.374 Loading class java/io/ObjectStreamClass$1 done
Event: 6.374 Loading class java/io/ObjectStreamClass$MemberSignature
Event: 6.374 Loading class java/io/ObjectStreamClass$MemberSignature done
Event: 6.374 Loading class java/io/ObjectStreamClass$3
Event: 6.374 Loading class java/io/ObjectStreamClass$3 done
Event: 6.374 Loading class java/io/ObjectStreamClass$4
Event: 6.374 Loading class java/io/ObjectStreamClass$4 done
Event: 6.374 Loading class java/io/ObjectStreamClass$5
Event: 6.375 Loading class java/io/ObjectStreamClass$5 done
Event: 6.375 Loading class java/io/ObjectStreamClass$ClassDataSlot
Event: 6.375 Loading class java/io/ObjectStreamClass$ClassDataSlot done
Event: 6.377 Loading class jdk/internal/reflect/MethodHandleLongFieldAccessorImpl
Event: 6.377 Loading class jdk/internal/reflect/MethodHandleLongFieldAccessorImpl done
Event: 6.380 Loading class java/io/SerialCallbackContext
Event: 6.380 Loading class java/io/SerialCallbackContext done
Event: 6.478 Loading class java/util/DualPivotQuicksort
Event: 6.478 Loading class java/util/DualPivotQuicksort done
Event: 6.519 Loading class java/util/function/LongUnaryOperator
Event: 6.519 Loading class java/util/function/LongUnaryOperator done

Classes unloaded (0 events):
No events

Classes redefined (0 events):
No events

Internal exceptions (20 events):
Event: 5.439 Thread 0x0000014418cfda50 Exception <a 'java/lang/NoSuchMethodError'{0x0000000082f52428}: 'java.lang.Object java.lang.invoke.DirectMethodHandle$Holder.newInvokeSpecial(java.lang.Object, java.lang.Object, int, java.lang.Object)'> (0x0000000082f52428) 
thrown [s\src\hotspot\share\interpreter\linkResolver.cpp, line 784]
Event: 5.440 Thread 0x0000014418cfda50 Exception <a 'java/lang/NoSuchMethodError'{0x0000000082f56c68}: 'java.lang.Object java.lang.invoke.DirectMethodHandle$Holder.invokeSpecial(java.lang.Object, java.lang.Object, java.lang.Object, int, java.lang.Object)'> (0x0000000082f56c68) 
thrown [s\src\hotspot\share\interpreter\linkResolver.cpp, line 784]
Event: 5.979 Thread 0x0000014418cfda50 Exception <a 'sun/nio/fs/WindowsException'{0x0000000083dddaa0}> (0x0000000083dddaa0) 
thrown [s\src\hotspot\share\prims\jni.cpp, line 535]
Event: 5.979 Thread 0x0000014418cfda50 Exception <a 'sun/nio/fs/WindowsException'{0x0000000083ddf198}> (0x0000000083ddf198) 
thrown [s\src\hotspot\share\prims\jni.cpp, line 535]
Event: 6.002 Thread 0x0000014418cfda50 Exception <a 'java/lang/NoSuchMethodError'{0x0000000083b82cf8}: 'java.lang.Object java.lang.invoke.DirectMethodHandle$Holder.newInvokeSpecial(java.lang.Object, java.lang.Object, java.lang.Object, int)'> (0x0000000083b82cf8) 
thrown [s\src\hotspot\share\interpreter\linkResolver.cpp, line 784]
Event: 6.002 Thread 0x0000014418cfda50 Exception <a 'java/lang/NoSuchMethodError'{0x0000000083b874e8}: 'java.lang.Object java.lang.invoke.DirectMethodHandle$Holder.invokeSpecial(java.lang.Object, java.lang.Object, java.lang.Object, java.lang.Object, int)'> (0x0000000083b874e8) 
thrown [s\src\hotspot\share\interpreter\linkResolver.cpp, line 784]
Event: 6.002 Thread 0x0000014418cfda50 Exception <a 'java/lang/NoSuchMethodError'{0x0000000083b8b620}: 'java.lang.Object java.lang.invoke.Invokers$Holder.linkToTargetMethod(java.lang.Object, java.lang.Object, int, java.lang.Object)'> (0x0000000083b8b620) 
thrown [s\src\hotspot\share\interpreter\linkResolver.cpp, line 784]
Event: 6.012 Thread 0x0000014418cfda50 Exception <a 'sun/nio/fs/WindowsException'{0x0000000083a3daa0}> (0x0000000083a3daa0) 
thrown [s\src\hotspot\share\prims\jni.cpp, line 535]
Event: 6.044 Thread 0x0000014418cfda50 Exception <a 'java/lang/NoSuchMethodError'{0x0000000083889428}: 'int java.lang.invoke.DirectMethodHandle$Holder.invokeInterface(java.lang.Object, java.lang.Object, java.lang.Object, java.lang.Object, java.lang.Object)'> (0x0000000083889428) 
thrown [s\src\hotspot\share\interpreter\linkResolver.cpp, line 784]
Event: 6.196 Thread 0x0000014418cfda50 Exception <a 'java/lang/NoSuchMethodError'{0x0000000085fc0248}: 'void java.lang.invoke.DirectMethodHandle$Holder.invokeStatic(java.lang.Object, java.lang.Object, java.lang.Object, java.lang.Object, java.lang.Object, java.lang.Object, java.lang.Object)'> (0x0000000085fc0248) 
thrown [s\src\hotspot\share\interpreter\linkResolver.cpp, line 784]
Event: 6.374 Thread 0x00000144190adb60 Exception <a 'java/lang/NoSuchMethodError'{0x0000000084d26680}: static Lorg/gradle/internal/build/event/types/DefaultOperationStartedProgressEvent;.<clinit>()V> (0x0000000084d26680) 
thrown [s\src\hotspot\share\prims\jni.cpp, line 1135]
Event: 6.375 Thread 0x00000144190adb60 Exception <a 'java/lang/NoSuchMethodError'{0x0000000084d286e0}: static Lorg/gradle/internal/build/event/types/AbstractProgressEvent;.<clinit>()V> (0x0000000084d286e0) 
thrown [s\src\hotspot\share\prims\jni.cpp, line 1135]
Event: 6.377 Thread 0x00000144190adb60 Exception <a 'java/lang/NoSuchMethodError'{0x0000000084d39e20}: static Lorg/gradle/internal/build/event/types/DefaultProjectConfigurationDescriptor;.<clinit>()V> (0x0000000084d39e20) 
thrown [s\src\hotspot\share\prims\jni.cpp, line 1135]
Event: 6.377 Thread 0x00000144190adb60 Exception <a 'java/lang/NoSuchMethodError'{0x0000000084d3c5f0}: static Lorg/gradle/internal/build/event/types/DefaultOperationDescriptor;.<clinit>()V> (0x0000000084d3c5f0) 
thrown [s\src\hotspot\share\prims\jni.cpp, line 1135]
Event: 6.378 Thread 0x00000144190adb60 Exception <a 'java/lang/NoSuchMethodError'{0x0000000084d41478}: 'long java.lang.invoke.DirectMethodHandle$Holder.invokeSpecial(java.lang.Object, java.lang.Object)'> (0x0000000084d41478) 
thrown [s\src\hotspot\share\interpreter\linkResolver.cpp, line 784]
Event: 6.378 Thread 0x00000144190adb60 Exception <a 'java/lang/NoSuchMethodError'{0x0000000084d44630}: 'long java.lang.invoke.Invokers$Holder.invokeExact_MT(java.lang.Object, java.lang.Object)'> (0x0000000084d44630) 
thrown [s\src\hotspot\share\interpreter\linkResolver.cpp, line 784]
Event: 6.380 Thread 0x00000144190adb60 Exception <a 'java/lang/NoSuchMethodError'{0x0000000084d5b370}: static Lorg/gradle/internal/operations/OperationIdentifier;.<clinit>()V> (0x0000000084d5b370) 
thrown [s\src\hotspot\share\prims\jni.cpp, line 1135]
Event: 6.520 Thread 0x0000014418cfda50 Exception <a 'java/lang/NoSuchMethodError'{0x00000000846dd660}: 'long java.lang.invoke.DirectMethodHandle$Holder.invokeStatic(java.lang.Object, long)'> (0x00000000846dd660) 
thrown [s\src\hotspot\share\interpreter\linkResolver.cpp, line 784]
Event: 6.539 Thread 0x0000014418cfda50 Implicit null exception at 0x0000014407d8c2cc to 0x0000014407d8c618
Event: 6.564 Thread 0x0000014418cfda50 Exception <a 'java/lang/NoSuchMethodError'{0x00000000843a3248}: 'java.lang.Object java.lang.invoke.DirectMethodHandle$Holder.invokeInterface(java.lang.Object, java.lang.Object, int)'> (0x00000000843a3248) 
thrown [s\src\hotspot\share\interpreter\linkResolver.cpp, line 784]

ZGC Phase Switch (0 events):
No events

VM Operations (20 events):
Event: 5.102 Executing VM operation: HandshakeAllThreads (Deoptimize)
Event: 5.102 Executing VM operation: HandshakeAllThreads (Deoptimize) done
Event: 5.137 Executing VM operation: HandshakeAllThreads (Deoptimize)
Event: 5.137 Executing VM operation: HandshakeAllThreads (Deoptimize) done
Event: 5.170 Executing VM operation: ICBufferFull
Event: 5.170 Executing VM operation: ICBufferFull done
Event: 5.458 Executing VM operation: HandshakeAllThreads (Deoptimize)
Event: 5.458 Executing VM operation: HandshakeAllThreads (Deoptimize) done
Event: 5.526 Executing VM operation: G1CollectForAllocation (G1 Evacuation Pause)
Event: 5.535 Executing VM operation: G1CollectForAllocation (G1 Evacuation Pause) done
Event: 6.081 Executing VM operation: CollectForMetadataAllocation (Metadata GC Threshold)
Event: 6.088 Executing VM operation: CollectForMetadataAllocation (Metadata GC Threshold) done
Event: 6.123 Executing VM operation: G1PauseRemark
Event: 6.126 Executing VM operation: G1PauseRemark done
Event: 6.140 Executing VM operation: G1PauseCleanup
Event: 6.140 Executing VM operation: G1PauseCleanup done
Event: 6.317 Executing VM operation: HandshakeAllThreads (Deoptimize)
Event: 6.317 Executing VM operation: HandshakeAllThreads (Deoptimize) done
Event: 6.345 Executing VM operation: ICBufferFull
Event: 6.345 Executing VM operation: ICBufferFull done

Memory protections (0 events):
No events

Nmethod flushes (20 events):
Event: 6.125 Thread 0x000001447fc8b5c0 flushing  nmethod 0x0000014400023e10
Event: 6.125 Thread 0x000001447fc8b5c0 flushing  nmethod 0x0000014400083810
Event: 6.125 Thread 0x000001447fc8b5c0 flushing  nmethod 0x0000014400101d10
Event: 6.125 Thread 0x000001447fc8b5c0 flushing  nmethod 0x0000014400107190
Event: 6.125 Thread 0x000001447fc8b5c0 flushing  nmethod 0x000001440010b010
Event: 6.125 Thread 0x000001447fc8b5c0 flushing  nmethod 0x000001440017ea90
Event: 6.125 Thread 0x000001447fc8b5c0 flushing  nmethod 0x0000014400181490
Event: 6.125 Thread 0x000001447fc8b5c0 flushing  nmethod 0x0000014400182510
Event: 6.125 Thread 0x000001447fc8b5c0 flushing  nmethod 0x0000014400182c10
Event: 6.125 Thread 0x000001447fc8b5c0 flushing  nmethod 0x0000014400183b10
Event: 6.125 Thread 0x000001447fc8b5c0 flushing  nmethod 0x0000014400183f10
Event: 6.125 Thread 0x000001447fc8b5c0 flushing  nmethod 0x0000014400184a90
Event: 6.125 Thread 0x000001447fc8b5c0 flushing  nmethod 0x00000144001cba90
Event: 6.125 Thread 0x000001447fc8b5c0 flushing  nmethod 0x00000144001cda90
Event: 6.125 Thread 0x000001447fc8b5c0 flushing  nmethod 0x00000144001cea90
Event: 6.125 Thread 0x000001447fc8b5c0 flushing  nmethod 0x00000144001d0990
Event: 6.125 Thread 0x000001447fc8b5c0 flushing  nmethod 0x00000144001d1590
Event: 6.125 Thread 0x000001447fc8b5c0 flushing  nmethod 0x0000014400234510
Event: 6.125 Thread 0x000001447fc8b5c0 flushing  nmethod 0x0000014400234c10
Event: 6.125 Thread 0x000001447fc8b5c0 flushing  nmethod 0x00000144003b7f90

Events (20 events):
Event: 2.327 Thread 0x0000014479318cd0 Thread added: 0x0000014418191ae0
Event: 2.379 Thread 0x0000014418cc5d00 Thread added: 0x0000014418e2def0
Event: 2.381 Thread 0x0000014418e2def0 Thread added: 0x0000014419173580
Event: 2.409 Thread 0x0000014418e2def0 Thread added: 0x0000014418cb6080
Event: 2.415 Thread 0x0000014418e2def0 Thread added: 0x0000014418cfda50
Event: 2.423 Thread 0x0000014418cfda50 Thread added: 0x0000014418547380
Event: 2.426 Thread 0x0000014418cfda50 Thread added: 0x00000144190af5a0
Event: 2.428 Thread 0x0000014418cfda50 Thread added: 0x00000144190adb60
Event: 2.776 Thread 0x0000014418cfda50 Thread added: 0x00000144190ae1f0
Event: 2.783 Thread 0x0000014418cfda50 Thread added: 0x00000144190b02c0
Event: 2.805 Thread 0x0000014418cfda50 Thread added: 0x00000144190afc30
Event: 2.977 Thread 0x00000144170c2d50 Thread added: 0x000001441ac58e70
Event: 3.384 Thread 0x0000014418cfda50 Thread added: 0x00000144190ae880
Event: 3.602 Thread 0x0000014418cfda50 Thread added: 0x00000144190b0fe0
Event: 3.613 Thread 0x0000014418cfda50 Thread added: 0x00000144190b0950
Event: 3.756 Thread 0x0000014418cfda50 Thread added: 0x00000144190aef10
Event: 3.760 Thread 0x0000014418cfda50 Thread added: 0x000001441bdaeb40
Event: 3.979 Thread 0x0000014418cfda50 Thread added: 0x000001441bdb0c10
Event: 4.111 Thread 0x0000014418cfda50 Thread added: 0x000001441bdafef0
Event: 4.190 Thread 0x0000014418cfda50 Thread added: 0x000001441bdaf1d0


Dynamic libraries:
0x00007ff778a90000 - 0x00007ff778a9a000 	C:\Program Files\Android\Android Studio2\jbr\bin\java.exe
0x00007ffc0e260000 - 0x00007ffc0e4c0000 	C:\WINDOWS\SYSTEM32\ntdll.dll
0x00007ffc0e0f0000 - 0x00007ffc0e1b7000 	C:\WINDOWS\System32\KERNEL32.DLL
0x00007ffc0b5e0000 - 0x00007ffc0b9aa000 	C:\WINDOWS\System32\KERNELBASE.dll
0x00007ffc0bf10000 - 0x00007ffc0c05b000 	C:\WINDOWS\System32\ucrtbase.dll
0x00007ffbad1a0000 - 0x00007ffbad1bb000 	C:\Program Files\Android\Android Studio2\jbr\bin\VCRUNTIME140.dll
0x00007ffbfe180000 - 0x00007ffbfe198000 	C:\Program Files\Android\Android Studio2\jbr\bin\jli.dll
0x00007ffc0caa0000 - 0x00007ffc0cc6c000 	C:\WINDOWS\System32\USER32.dll
0x00007ffbf7450000 - 0x00007ffbf76e7000 	C:\WINDOWS\WinSxS\amd64_microsoft.windows.common-controls_6595b64144ccf1df_6.0.26100.3624_none_3e086962e3345f24\COMCTL32.dll
0x00007ffc0b5b0000 - 0x00007ffc0b5d7000 	C:\WINDOWS\System32\win32u.dll
0x00007ffc0df10000 - 0x00007ffc0dfb9000 	C:\WINDOWS\System32\msvcrt.dll
0x00007ffc0c8d0000 - 0x00007ffc0c8fa000 	C:\WINDOWS\System32\GDI32.dll
0x00007ffc0b9b0000 - 0x00007ffc0bae1000 	C:\WINDOWS\System32\gdi32full.dll
0x00007ffc0baf0000 - 0x00007ffc0bb93000 	C:\WINDOWS\System32\msvcp_win.dll
0x00007ffc0dec0000 - 0x00007ffc0deef000 	C:\WINDOWS\System32\IMM32.DLL
0x00007ffbf6980000 - 0x00007ffbf698c000 	C:\Program Files\Android\Android Studio2\jbr\bin\vcruntime140_1.dll
0x00007ffbed1a0000 - 0x00007ffbed22d000 	C:\Program Files\Android\Android Studio2\jbr\bin\msvcp140.dll
0x00007ffbac470000 - 0x00007ffbad0fa000 	C:\Program Files\Android\Android Studio2\jbr\bin\server\jvm.dll
0x00007ffc0c340000 - 0x00007ffc0c3f2000 	C:\WINDOWS\System32\ADVAPI32.dll
0x00007ffc0c070000 - 0x00007ffc0c116000 	C:\WINDOWS\System32\sechost.dll
0x00007ffc0c120000 - 0x00007ffc0c236000 	C:\WINDOWS\System32\RPCRT4.dll
0x00007ffc0c7d0000 - 0x00007ffc0c844000 	C:\WINDOWS\System32\WS2_32.dll
0x00007ffc0a0d0000 - 0x00007ffc0a12e000 	C:\WINDOWS\SYSTEM32\POWRPROF.dll
0x00007ffbfa8a0000 - 0x00007ffbfa8ab000 	C:\WINDOWS\SYSTEM32\VERSION.dll
0x00007ffbeb760000 - 0x00007ffbeb796000 	C:\WINDOWS\SYSTEM32\WINMM.dll
0x00007ffc0a0b0000 - 0x00007ffc0a0c4000 	C:\WINDOWS\SYSTEM32\UMPDC.dll
0x00007ffc0a370000 - 0x00007ffc0a38a000 	C:\WINDOWS\SYSTEM32\kernel.appcore.dll
0x00007ffbf49f0000 - 0x00007ffbf49fa000 	C:\Program Files\Android\Android Studio2\jbr\bin\jimage.dll
0x00007ffc082c0000 - 0x00007ffc08501000 	C:\WINDOWS\SYSTEM32\DBGHELP.DLL
0x00007ffc0d310000 - 0x00007ffc0d692000 	C:\WINDOWS\System32\combase.dll
0x00007ffc0c400000 - 0x00007ffc0c4d6000 	C:\WINDOWS\System32\OLEAUT32.dll
0x00007ffbee1f0000 - 0x00007ffbee229000 	C:\WINDOWS\SYSTEM32\dbgcore.DLL
0x00007ffc0bde0000 - 0x00007ffc0be79000 	C:\WINDOWS\System32\bcryptPrimitives.dll
0x00007ffc03be0000 - 0x00007ffc03bee000 	C:\Program Files\Android\Android Studio2\jbr\bin\instrument.dll
0x00007ffbad180000 - 0x00007ffbad1a0000 	C:\Program Files\Android\Android Studio2\jbr\bin\java.dll
0x00007ffbac450000 - 0x00007ffbac468000 	C:\Program Files\Android\Android Studio2\jbr\bin\zip.dll
0x00007ffc0d6a0000 - 0x00007ffc0ddc9000 	C:\WINDOWS\System32\SHELL32.dll
0x00007ffc0b440000 - 0x00007ffc0b5a8000 	C:\WINDOWS\System32\wintypes.dll
0x00007ffc09120000 - 0x00007ffc09972000 	C:\WINDOWS\SYSTEM32\windows.storage.dll
0x00007ffc0ddd0000 - 0x00007ffc0debd000 	C:\WINDOWS\System32\SHCORE.dll
0x00007ffc0d2a0000 - 0x00007ffc0d304000 	C:\WINDOWS\System32\shlwapi.dll
0x00007ffc0b350000 - 0x00007ffc0b37f000 	C:\WINDOWS\SYSTEM32\profapi.dll
0x00007ffbf3790000 - 0x00007ffbf37a0000 	C:\Program Files\Android\Android Studio2\jbr\bin\net.dll
0x00007ffc04a20000 - 0x00007ffc04b3d000 	C:\WINDOWS\SYSTEM32\WINHTTP.dll
0x00007ffc0a890000 - 0x00007ffc0a8fa000 	C:\WINDOWS\system32\mswsock.dll
0x00007ffbac2f0000 - 0x00007ffbac306000 	C:\Program Files\Android\Android Studio2\jbr\bin\nio.dll
0x00007ffbfc680000 - 0x00007ffbfc690000 	C:\Program Files\Android\Android Studio2\jbr\bin\verify.dll
0x00007ffbf81f0000 - 0x00007ffbf8217000 	C:\Users\Manu\.gradle\native\c067742578af261105cb4f569cf0c3c89f3d7b1fecec35dd04571415982c5e48\windows-amd64\native-platform.dll
0x00007ffbc2910000 - 0x00007ffbc2a54000 	C:\Users\Manu\.gradle\native\100fb08df4bc3b14c8652ba06237920a3bd2aa13389f12d3474272988ae205f9\windows-amd64\native-platform-file-events.dll
0x00007ffbd1df0000 - 0x00007ffbd1df9000 	C:\Program Files\Android\Android Studio2\jbr\bin\management.dll
0x00007ffbd1d70000 - 0x00007ffbd1d7b000 	C:\Program Files\Android\Android Studio2\jbr\bin\management_ext.dll
0x00007ffc0c930000 - 0x00007ffc0c938000 	C:\WINDOWS\System32\PSAPI.DLL
0x00007ffc0ab30000 - 0x00007ffc0ab4c000 	C:\WINDOWS\SYSTEM32\CRYPTSP.dll
0x00007ffc0a2d0000 - 0x00007ffc0a30a000 	C:\WINDOWS\system32\rsaenh.dll
0x00007ffc0a930000 - 0x00007ffc0a95b000 	C:\WINDOWS\SYSTEM32\USERENV.dll
0x00007ffc0b320000 - 0x00007ffc0b346000 	C:\WINDOWS\SYSTEM32\bcrypt.dll
0x00007ffc0ab50000 - 0x00007ffc0ab5c000 	C:\WINDOWS\SYSTEM32\CRYPTBASE.dll
0x00007ffc09d60000 - 0x00007ffc09d93000 	C:\WINDOWS\SYSTEM32\IPHLPAPI.DLL
0x00007ffc0c850000 - 0x00007ffc0c85a000 	C:\WINDOWS\System32\NSI.dll
0x00007ffbccc90000 - 0x00007ffbccc99000 	C:\Program Files\Android\Android Studio2\jbr\bin\extnet.dll
0x00007ffbd1820000 - 0x00007ffbd1828000 	C:\WINDOWS\system32\wshunix.dll

dbghelp: loaded successfully - version: 4.0.5 - missing functions: none
symbol engine: initialized successfully - sym options: 0x614 - pdb path: .;C:\Program Files\Android\Android Studio2\jbr\bin;C:\WINDOWS\SYSTEM32;C:\WINDOWS\WinSxS\amd64_microsoft.windows.common-controls_6595b64144ccf1df_6.0.26100.3624_none_3e086962e3345f24;C:\Program Files\Android\Android Studio2\jbr\bin\server;C:\Users\Manu\.gradle\native\c067742578af261105cb4f569cf0c3c89f3d7b1fecec35dd04571415982c5e48\windows-amd64;C:\Users\Manu\.gradle\native\100fb08df4bc3b14c8652ba06237920a3bd2aa13389f12d3474272988ae205f9\windows-amd64

VM Arguments:
jvm_args: --add-opens=java.base/java.lang=ALL-UNNAMED --add-opens=java.base/java.lang.invoke=ALL-UNNAMED --add-opens=java.base/java.util=ALL-UNNAMED --add-opens=java.prefs/java.util.prefs=ALL-UNNAMED --add-exports=jdk.compiler/com.sun.tools.javac.api=ALL-UNNAMED --add-exports=jdk.compiler/com.sun.tools.javac.util=ALL-UNNAMED --add-opens=java.base/java.util=ALL-UNNAMED --add-opens=java.prefs/java.util.prefs=ALL-UNNAMED --add-opens=java.base/java.nio.charset=ALL-UNNAMED --add-opens=java.base/java.net=ALL-UNNAMED --add-opens=java.base/java.util.concurrent.atomic=ALL-UNNAMED --add-opens=java.xml/javax.xml.namespace=ALL-UNNAMED -Xmx2048m -Dfile.encoding=UTF-8 -Duser.country=GB -Duser.language=en -Duser.variant -javaagent:C:\Users\Manu\.gradle\wrapper\dists\gradle-8.11.1-bin\bpt9gzteqjrbo1mjrsomdt32c\gradle-8.11.1\lib\agents\gradle-instrumentation-agent-8.11.1.jar 
java_command: org.gradle.launcher.daemon.bootstrap.GradleDaemon 8.11.1
java_class_path (initial): C:\Users\Manu\.gradle\wrapper\dists\gradle-8.11.1-bin\bpt9gzteqjrbo1mjrsomdt32c\gradle-8.11.1\lib\gradle-daemon-main-8.11.1.jar
Launcher Type: SUN_STANDARD

[Global flags]
     intx CICompilerCount                          = 4                                         {product} {ergonomic}
     uint ConcGCThreads                            = 2                                         {product} {ergonomic}
     uint G1ConcRefinementThreads                  = 8                                         {product} {ergonomic}
   size_t G1HeapRegionSize                         = 1048576                                   {product} {ergonomic}
    uintx GCDrainStackTargetSize                   = 64                                        {product} {ergonomic}
   size_t InitialHeapSize                          = 132120576                                 {product} {ergonomic}
   size_t MarkStackSize                            = 4194304                                   {product} {ergonomic}
   size_t MaxHeapSize                              = 2147483648                                {product} {command line}
   size_t MaxNewSize                               = 1287651328                                {product} {ergonomic}
   size_t MinHeapDeltaBytes                        = 1048576                                   {product} {ergonomic}
   size_t MinHeapSize                              = 8388608                                   {product} {ergonomic}
    uintx NonNMethodCodeHeapSize                   = 5839372                                {pd product} {ergonomic}
    uintx NonProfiledCodeHeapSize                  = 122909434                              {pd product} {ergonomic}
    uintx ProfiledCodeHeapSize                     = 122909434                              {pd product} {ergonomic}
    uintx ReservedCodeCacheSize                    = 251658240                              {pd product} {ergonomic}
     bool SegmentedCodeCache                       = true                                      {product} {ergonomic}
   size_t SoftMaxHeapSize                          = 2147483648                             {manageable} {ergonomic}
     bool UseCompressedOops                        = true                           {product lp64_product} {ergonomic}
     bool UseG1GC                                  = true                                      {product} {ergonomic}
     bool UseLargePagesIndividualAllocation        = false                                  {pd product} {ergonomic}

Logging:
Log output configuration:
 #0: stdout all=warning uptime,level,tags foldmultilines=false
 #1: stderr all=off uptime,level,tags foldmultilines=false

Environment Variables:
JAVA_HOME=C:\Program Files\Java\jdk-17
PATH=$env:PATH;C:\Gradle\gradle-8.12.1\bin;C:\Users\Manu\AppData\Local\Programs\Python\Python312\Scripts\;C:\Users\Manu\AppData\Local\Programs\Python\Python312\;C:\Users\Manu\AppData\Local\Programs\Python\Launcher\;C:\Program Files\MySQL\MySQL Shell 8.0\bin\;C:\Users\Manu\AppData\Local\Microsoft\WindowsApps;C:\Users\Manu\OneDrive\Downloads\msys2-x86_64-20230127.exe.sig;C:\Users\Manu\AppData\Local\Programs\Microsoft VS Code\bin;C:\Users\Manu\AppData\Roaming\npm;C:\Gradle\gradle-8.12.1\bin;C:\Gradle\gradle-8.12.1\bin;C:\Gradle\gradle-8.12.1\bin;C:\Program Files\Java\jdk-17\bin;C:\Program Files\nodejs\;C:\Program Files\nodejs" /M;C:\Program Files\nodejs\;C:\Program Files\Git\cmd;$env:PATH;C:\Gradle\gradle-8.12.1\bin;C:\Users\Manu\AppData\Local\Programs\Python\Python312\Scripts\;C:\Users\Manu\AppData\Local\Programs\Python\Python312\;C:\Users\Manu\AppData\Local\Programs\Python\Launcher\;C:\Program Files\MySQL\MySQL Shell 8.0\bin\;C:\Users\Manu\AppData\Local\Microsoft\WindowsApps;C:\Users\Manu\OneDrive\Downloads\msys2-x86_64-20230127.exe.sig;C:\Users\Manu\AppData\Local\Programs\Microsoft VS Code\bin;C:\Users\Manu\AppData\Roaming\npm;C:\Gradle\gradle-8.12.1\bin;;C:\Gradle\gradle-8.12.1\bin;;C:\Gradle\gradle-8.12.1\bin;;C:\Program Files\Java\jdk-17\bin;C:\Program Files\nodejs\;;C:\Program Files\nodejs" /M
USERNAME=Manu
OS=Windows_NT
PROCESSOR_IDENTIFIER=Intel64 Family 6 Model 142 Stepping 10, GenuineIntel
TMP=C:\Users\Manu\AppData\Local\Temp
TEMP=C:\Users\Manu\AppData\Local\Temp




Periodic native trim disabled

JNI global refs:
JNI global refs: 27, weak refs: 0

JNI global refs memory usage: 835, weak refs: 833

Process memory usage:
Resident Set Size: 311440K (3% of 8228056K total physical memory with 635404K free physical memory)

OOME stack traces (most recent first):
Classloader memory used:
Loader org.gradle.internal.classloader.VisitableURLClassLoader                         : 32148K
Loader bootstrap                                                                       : 22228K
Loader org.gradle.initialization.MixInLegacyTypesClassLoader                           : 7652K
Loader jdk.internal.loader.ClassLoaders$PlatformClassLoader                            : 513K
Loader jdk.internal.loader.ClassLoaders$AppClassLoader                                 : 232K
Loader org.gradle.internal.classloader.VisitableURLClassLoader                         : 79664B
Loader jdk.internal.reflect.DelegatingClassLoader                                      : 23760B

Classes loaded by more than one classloader:
Class org.gradle.internal.classloader.FilteringClassLoader                            : loaded 2 times (x 101B)
Class org.gradle.internal.classloader.ClassLoaderHierarchy                            : loaded 2 times (x 66B)
Class org.gradle.api.internal.classpath.ManifestUtil                                  : loaded 2 times (x 67B)
Class org.gradle.internal.classloader.DefaultClassLoaderFactory                       : loaded 2 times (x 78B)
Class org.gradle.internal.classloader.ClassLoaderVisitor                              : loaded 2 times (x 72B)
Class org.gradle.api.internal.classpath.EffectiveClassPath                            : loaded 2 times (x 86B)
Class org.gradle.api.internal.DefaultClassPathProvider                                : loaded 2 times (x 72B)
Class [Lorg.gradle.api.internal.ClassPathProvider;                                    : loaded 2 times (x 65B)
Class org.gradle.api.internal.ClassPathProvider                                       : loaded 2 times (x 66B)
Class org.gradle.internal.service.UnknownServiceException                             : loaded 2 times (x 79B)
Class org.gradle.internal.classpath.TransformedClassPath                              : loaded 2 times (x 92B)
Class org.gradle.internal.classloader.InstrumentingClassLoader                        : loaded 2 times (x 66B)
Class org.gradle.internal.service.ServiceLocator                                      : loaded 2 times (x 66B)
Class org.gradle.internal.InternalTransformer                                         : loaded 2 times (x 66B)
Class org.gradle.internal.classloader.ClasspathUtil$1                                 : loaded 2 times (x 72B)
Class org.gradle.api.internal.classpath.DefaultModuleRegistry$DefaultModule           : loaded 2 times (x 82B)
Class org.gradle.api.internal.classpath.Module                                        : loaded 2 times (x 66B)
Class org.gradle.api.internal.classpath.UnknownModuleException                        : loaded 2 times (x 78B)
Class org.gradle.api.internal.DefaultClassPathRegistry                                : loaded 2 times (x 72B)
Class org.gradle.api.internal.ClassPathRegistry                                       : loaded 2 times (x 66B)
Class org.gradle.internal.classpath.DefaultClassPath$ImmutableUniqueList              : loaded 2 times (x 195B)
Class Settings_gradle$1                                                               : loaded 2 times (x 70B)
Class Program                                                                         : loaded 2 times (x 68B)
Class org.gradle.internal.classpath.ClassPath                                         : loaded 2 times (x 66B)
Class org.gradle.api.UncheckedIOException                                             : loaded 2 times (x 78B)
Class org.gradle.internal.installation.GradleInstallation$1                           : loaded 2 times (x 71B)
Class org.gradle.api.internal.classpath.ModuleRegistry                                : loaded 2 times (x 66B)
Class org.gradle.api.internal.classpath.DefaultModuleRegistry                         : loaded 2 times (x 82B)
Class org.gradle.internal.service.ServiceLookupException                              : loaded 2 times (x 78B)
Class org.gradle.internal.classloader.ClassLoaderFactory                              : loaded 2 times (x 66B)
Class org.gradle.internal.service.CachingServiceLocator                               : loaded 2 times (x 78B)
Class org.gradle.internal.classloader.ClasspathUtil                                   : loaded 2 times (x 67B)
Class org.gradle.api.specs.Spec                                                       : loaded 2 times (x 66B)
Class org.gradle.internal.classloader.VisitableURLClassLoader$InstrumentingVisitableURLClassLoader: loaded 2 times (x 119B)
Class org.gradle.internal.classloader.VisitableURLClassLoader$Spec                    : loaded 2 times (x 70B)
Class org.gradle.internal.classpath.DefaultClassPath                                  : loaded 2 times (x 86B)
Class org.gradle.internal.classloader.ClassLoaderSpec                                 : loaded 2 times (x 67B)
Class Settings_gradle$1$1                                                             : loaded 2 times (x 70B)
Class org.gradle.internal.classloader.VisitableURLClassLoader                         : loaded 2 times (x 113B)
Class Settings_gradle                                                                 : loaded 2 times (x 124B)
Class org.gradle.internal.Cast                                                        : loaded 2 times (x 67B)
Class org.gradle.api.Action                                                           : loaded 2 times (x 66B)
Class org.gradle.internal.classpath.DefaultClassPath$ImmutableUniqueList$Builder      : loaded 2 times (x 71B)
Class org.gradle.api.GradleException                                                  : loaded 2 times (x 78B)
Class org.gradle.internal.IoActions                                                   : loaded 2 times (x 67B)
Class org.gradle.internal.classloader.SystemClassLoaderSpec                           : loaded 2 times (x 67B)
Class org.gradle.api.internal.classpath.GlobalCacheRootsProvider                      : loaded 2 times (x 66B)
Class org.gradle.internal.installation.CurrentGradleInstallationLocator               : loaded 2 times (x 67B)
Class org.gradle.internal.service.DefaultServiceLocator                               : loaded 2 times (x 79B)
Class org.gradle.internal.installation.CurrentGradleInstallation                      : loaded 2 times (x 69B)
Class org.gradle.util.internal.GUtil                                                  : loaded 2 times (x 67B)
Class org.gradle.internal.installation.GradleInstallation                             : loaded 2 times (x 71B)

---------------  S Y S T E M  ---------------

OS:
 Windows 11 , 64 bit Build 26100 (10.0.26100.3775)
OS uptime: 1 days 23:33 hours

CPU: total 8 (initial active 8) (4 cores per cpu, 2 threads per core) family 6 model 142 stepping 10 microcode 0xf6, cx8, cmov, fxsr, ht, mmx, 3dnowpref, sse, sse2, sse3, ssse3, sse4.1, sse4.2, popcnt, lzcnt, tsc, tscinvbit, avx, avx2, aes, erms, clmul, bmi1, bmi2, adx, fma, vzeroupper, clflush, clflushopt, rdtscp, f16c
Processor Information for all 8 processors :
  Max Mhz: 1800, Current Mhz: 1600, Mhz Limit: 1584

Memory: 4k page, system-wide physical 8035M (620M free)
TotalPageFile size 19285M (AvailPageFile size 0M)
current process WorkingSet (physical memory assigned to process): 304M, peak: 304M
current process commit charge ("private bytes"): 341M, peak: 343M

vm_info: OpenJDK 64-Bit Server VM (21.0.5+-12932927-b750.29) for windows-amd64 JRE (21.0.5+-12932927-b750.29), built on 2025-01-17T02:01:10Z by "builder" with MS VC++ 16.10 / 16.11 (VS2019)

END.
