#
# There is insufficient memory for the Java Runtime Environment to continue.
# Native memory allocation (malloc) failed to allocate 1188896 bytes. Error detail: Chunk::new
# Possible reasons:
#   The system is out of physical RAM or swap space
#   This process is running with CompressedOops enabled, and the Java Heap may be blocking the growth of the native heap
# Possible solutions:
#   Reduce memory load on the system
#   Increase physical memory or swap space
#   Check if swap backing store is full
#   Decrease Java heap size (-Xmx/-Xms)
#   Decrease number of Java threads
#   Decrease Java thread stack sizes (-Xss)
#   Set larger code cache with -XX:ReservedCodeCacheSize=
#   JVM is running with Unscaled Compressed Oops mode in which the Java heap is
#     placed in the first 4GB address space. The Java Heap base address is the
#     maximum limit for the native heap growth. Please use -XX:HeapBaseMinAddress
#     to set the Java Heap base and to place the Java Heap above 4GB virtual address.
# This output file may be truncated or incomplete.
#
#  Out of Memory Error (arena.cpp:168), pid=10960, tid=18616
#
# JRE version: OpenJDK Runtime Environment (21.0.5) (build 21.0.5+-12932927-b750.29)
# Java VM: OpenJDK 64-Bit Server VM (21.0.5+-12932927-b750.29, mixed mode, tiered, compressed oops, compressed class ptrs, g1 gc, windows-amd64)
# No core dump will be written. Minidumps are not enabled by default on client versions of Windows
#

---------------  S U M M A R Y ------------

Command Line: --add-opens=java.base/java.lang=ALL-UNNAMED --add-opens=java.base/java.lang.invoke=ALL-UNNAMED --add-opens=java.base/java.util=ALL-UNNAMED --add-opens=java.prefs/java.util.prefs=ALL-UNNAMED --add-exports=jdk.compiler/com.sun.tools.javac.api=ALL-UNNAMED --add-exports=jdk.compiler/com.sun.tools.javac.util=ALL-UNNAMED --add-opens=java.base/java.util=ALL-UNNAMED --add-opens=java.prefs/java.util.prefs=ALL-UNNAMED --add-opens=java.base/java.nio.charset=ALL-UNNAMED --add-opens=java.base/java.net=ALL-UNNAMED --add-opens=java.base/java.util.concurrent.atomic=ALL-UNNAMED --add-opens=java.xml/javax.xml.namespace=ALL-UNNAMED -Xmx2048m -Dfile.encoding=UTF-8 -Duser.country=GB -Duser.language=en -Duser.variant -javaagent:C:\Users\Manu\.gradle\wrapper\dists\gradle-8.11.1-bin\bpt9gzteqjrbo1mjrsomdt32c\gradle-8.11.1\lib\agents\gradle-instrumentation-agent-8.11.1.jar org.gradle.launcher.daemon.bootstrap.GradleDaemon 8.11.1

Host: Intel(R) Core(TM) i5-8250U CPU @ 1.60GHz, 8 cores, 7G,  Windows 11 , 64 bit Build 26100 (10.0.26100.3775)
Time: Fri Apr 18 03:25:23 2025 E. Africa Standard Time elapsed time: 7.567812 seconds (0d 0h 0m 7s)

---------------  T H R E A D  ---------------

Current thread (0x00000219e2082f30):  JavaThread "C2 CompilerThread0" daemon [_thread_in_native, id=18616, stack(0x000000bed4300000,0x000000bed4400000) (1024K)]


Current CompileTask:
C2:7568 4795   !   4       java.net.URLClassLoader::defineClass (224 bytes)

Stack: [0x000000bed4300000,0x000000bed4400000]
Native frames: (J=compiled Java code, j=interpreted, Vv=VM code, C=native code)
V  [jvm.dll+0x6cfb29]
V  [jvm.dll+0x85ded3]
V  [jvm.dll+0x86042e]
V  [jvm.dll+0x860b13]
V  [jvm.dll+0x27e6b6]
V  [jvm.dll+0xbff6d]
V  [jvm.dll+0xc04a3]
V  [jvm.dll+0x3b5ffb]
V  [jvm.dll+0x1de852]
V  [jvm.dll+0x247db4]
V  [jvm.dll+0x247231]
V  [jvm.dll+0x1c5ee4]
V  [jvm.dll+0x25697c]
V  [jvm.dll+0x254ec6]
V  [jvm.dll+0x3f0ce6]
V  [jvm.dll+0x806368]
V  [jvm.dll+0x6ce3fd]
C  [ucrtbase.dll+0x37b0]
C  [KERNEL32.DLL+0x2e8d7]
C  [ntdll.dll+0xb14fc]


---------------  P R O C E S S  ---------------

Threads class SMR info:
_java_thread_list=0x00000219e4b9ea90, length=33, elements={
0x00000219c43e84b0, 0x00000219e206b610, 0x00000219e206d070, 0x00000219e208de30,
0x00000219e208e490, 0x00000219e208eee0, 0x00000219e208f930, 0x00000219e2082f30,
0x00000219e2097fa0, 0x00000219e21e0ec0, 0x00000219e239d380, 0x00000219e3c825a0,
0x00000219e3d66250, 0x00000219e3da67c0, 0x00000219e3da2ec0, 0x00000219e3dd42a0,
0x00000219e3e26f20, 0x00000219e3e5ce20, 0x00000219e3e81f80, 0x00000219e3e864a0,
0x00000219e3e850f0, 0x00000219e3e86b30, 0x00000219e3e85e10, 0x00000219e3e836b0,
0x00000219e43ea4a0, 0x00000219e3e83d40, 0x00000219e3e85780, 0x00000219e3e843d0,
0x00000219e3e84a60, 0x00000219e41f6440, 0x00000219e41f8510, 0x00000219e41f5db0,
0x00000219e41f6ad0
}

Java Threads: ( => current thread )
  0x00000219c43e84b0 JavaThread "main"                              [_thread_blocked, id=13544, stack(0x000000bed3500000,0x000000bed3600000) (1024K)]
  0x00000219e206b610 JavaThread "Reference Handler"          daemon [_thread_blocked, id=12096, stack(0x000000bed3d00000,0x000000bed3e00000) (1024K)]
  0x00000219e206d070 JavaThread "Finalizer"                  daemon [_thread_blocked, id=15288, stack(0x000000bed3e00000,0x000000bed3f00000) (1024K)]
  0x00000219e208de30 JavaThread "Signal Dispatcher"          daemon [_thread_blocked, id=11768, stack(0x000000bed3f00000,0x000000bed4000000) (1024K)]
  0x00000219e208e490 JavaThread "Attach Listener"            daemon [_thread_blocked, id=20692, stack(0x000000bed4000000,0x000000bed4100000) (1024K)]
  0x00000219e208eee0 JavaThread "Service Thread"             daemon [_thread_blocked, id=9032, stack(0x000000bed4100000,0x000000bed4200000) (1024K)]
  0x00000219e208f930 JavaThread "Monitor Deflation Thread"   daemon [_thread_blocked, id=3192, stack(0x000000bed4200000,0x000000bed4300000) (1024K)]
=>0x00000219e2082f30 JavaThread "C2 CompilerThread0"         daemon [_thread_in_native, id=18616, stack(0x000000bed4300000,0x000000bed4400000) (1024K)]
  0x00000219e2097fa0 JavaThread "C1 CompilerThread0"         daemon [_thread_blocked, id=11248, stack(0x000000bed4400000,0x000000bed4500000) (1024K)]
  0x00000219e21e0ec0 JavaThread "Common-Cleaner"             daemon [_thread_blocked, id=21404, stack(0x000000bed4500000,0x000000bed4600000) (1024K)]
  0x00000219e239d380 JavaThread "Notification Thread"        daemon [_thread_blocked, id=5016, stack(0x000000bed4600000,0x000000bed4700000) (1024K)]
  0x00000219e3c825a0 JavaThread "Daemon health stats"               [_thread_blocked, id=9028, stack(0x000000bed4800000,0x000000bed4900000) (1024K)]
  0x00000219e3d66250 JavaThread "Incoming local TCP Connector on port 64704"        [_thread_in_native, id=18140, stack(0x000000bed4d00000,0x000000bed4e00000) (1024K)]
  0x00000219e3da67c0 JavaThread "Daemon periodic checks"            [_thread_blocked, id=10636, stack(0x000000bed4e00000,0x000000bed4f00000) (1024K)]
  0x00000219e3da2ec0 JavaThread "Daemon"                            [_thread_blocked, id=7280, stack(0x000000bed4f00000,0x000000bed5000000) (1024K)]
  0x00000219e3dd42a0 JavaThread "Handler for socket connection from /127.0.0.1:64704 to /127.0.0.1:64705"        [_thread_in_native, id=10212, stack(0x000000bed5000000,0x000000bed5100000) (1024K)]
  0x00000219e3e26f20 JavaThread "Cancel handler"                    [_thread_blocked, id=14772, stack(0x000000bed5100000,0x000000bed5200000) (1024K)]
  0x00000219e3e5ce20 JavaThread "Daemon worker"                     [_thread_in_Java, id=12332, stack(0x000000bed5200000,0x000000bed5300000) (1024K)]
  0x00000219e3e81f80 JavaThread "Asynchronous log dispatcher for DefaultDaemonConnection: socket connection from /127.0.0.1:64704 to /127.0.0.1:64705"        [_thread_blocked, id=10092, stack(0x000000bed5300000,0x000000bed5400000) (1024K)]
  0x00000219e3e864a0 JavaThread "Stdin handler"                     [_thread_blocked, id=18020, stack(0x000000bed5400000,0x000000bed5500000) (1024K)]
  0x00000219e3e850f0 JavaThread "Daemon client event forwarder"        [_thread_blocked, id=832, stack(0x000000bed5500000,0x000000bed5600000) (1024K)]
  0x00000219e3e86b30 JavaThread "Cache worker for journal cache (C:\Users\Manu\.gradle\caches\journal-1)"        [_thread_blocked, id=19940, stack(0x000000bed5900000,0x000000bed5a00000) (1024K)]
  0x00000219e3e85e10 JavaThread "File lock request listener"        [_thread_in_native, id=18204, stack(0x000000bed5a00000,0x000000bed5b00000) (1024K)]
  0x00000219e3e836b0 JavaThread "Cache worker for file hash cache (C:\Users\Manu\.gradle\caches\8.11.1\fileHashes)"        [_thread_blocked, id=17820, stack(0x000000bed5b00000,0x000000bed5c00000) (1024K)]
  0x00000219e43ea4a0 JavaThread "C2 CompilerThread1"         daemon [_thread_in_native, id=12892, stack(0x000000bed5c00000,0x000000bed5d00000) (1024K)]
  0x00000219e3e83d40 JavaThread "Cache worker for file content cache (C:\Users\Manu\.gradle\caches\8.11.1\fileContent)"        [_thread_blocked, id=3160, stack(0x000000bed5e00000,0x000000bed5f00000) (1024K)]
  0x00000219e3e85780 JavaThread "Cache worker for file hash cache (C:\Users\Manu\AndroidStudioProjects\FYPApplication\.gradle\8.11.1\fileHashes)"        [_thread_blocked, id=14404, stack(0x000000bed5f00000,0x000000bed6000000) (1024K)]
  0x00000219e3e843d0 JavaThread "Cache worker for Build Output Cleanup Cache (C:\Users\Manu\AndroidStudioProjects\FYPApplication\.gradle\buildOutputCleanup)"        [_thread_blocked, id=13588, stack(0x000000bed6000000,0x000000bed6100000) (1024K)]
  0x00000219e3e84a60 JavaThread "File watcher server"        daemon [_thread_in_native, id=2792, stack(0x000000bed6100000,0x000000bed6200000) (1024K)]
  0x00000219e41f6440 JavaThread "File watcher consumer"      daemon [_thread_blocked, id=19404, stack(0x000000bed6200000,0x000000bed6300000) (1024K)]
  0x00000219e41f8510 JavaThread "Cache worker for checksums cache (C:\Users\Manu\AndroidStudioProjects\FYPApplication\.gradle\8.11.1\checksums)"        [_thread_blocked, id=20904, stack(0x000000bed6300000,0x000000bed6400000) (1024K)]
  0x00000219e41f5db0 JavaThread "Cache worker for cache directory md-rule (C:\Users\Manu\.gradle\caches\8.11.1\md-rule)"        [_thread_blocked, id=12384, stack(0x000000bed6400000,0x000000bed6500000) (1024K)]
  0x00000219e41f6ad0 JavaThread "Cache worker for cache directory md-supplier (C:\Users\Manu\.gradle\caches\8.11.1\md-supplier)"        [_thread_blocked, id=8680, stack(0x000000bed6500000,0x000000bed6600000) (1024K)]
Total: 33

Other Threads:
  0x00000219ddcc1c60 VMThread "VM Thread"                           [id=21324, stack(0x000000bed3c00000,0x000000bed3d00000) (1024K)]
  0x00000219ddc7e670 WatcherThread "VM Periodic Task Thread"        [id=3892, stack(0x000000bed3b00000,0x000000bed3c00000) (1024K)]
  0x00000219c4674880 WorkerThread "GC Thread#0"                     [id=19552, stack(0x000000bed3600000,0x000000bed3700000) (1024K)]
  0x00000219e27e9c50 WorkerThread "GC Thread#1"                     [id=16764, stack(0x000000bed4900000,0x000000bed4a00000) (1024K)]
  0x00000219e27731e0 WorkerThread "GC Thread#2"                     [id=6004, stack(0x000000bed4a00000,0x000000bed4b00000) (1024K)]
  0x00000219e3061d00 WorkerThread "GC Thread#3"                     [id=19712, stack(0x000000bed4b00000,0x000000bed4c00000) (1024K)]
  0x00000219e2efa5b0 WorkerThread "GC Thread#4"                     [id=18892, stack(0x000000bed4c00000,0x000000bed4d00000) (1024K)]
  0x00000219e3332820 WorkerThread "GC Thread#5"                     [id=16244, stack(0x000000bed4700000,0x000000bed4800000) (1024K)]
  0x00000219e3ccce60 WorkerThread "GC Thread#6"                     [id=12200, stack(0x000000bed5600000,0x000000bed5700000) (1024K)]
  0x00000219e3ccd200 WorkerThread "GC Thread#7"                     [id=19836, stack(0x000000bed5700000,0x000000bed5800000) (1024K)]
  0x00000219c4685770 ConcurrentGCThread "G1 Main Marker"            [id=19484, stack(0x000000bed3700000,0x000000bed3800000) (1024K)]
  0x00000219c4686fc0 WorkerThread "G1 Conc#0"                       [id=14056, stack(0x000000bed3800000,0x000000bed3900000) (1024K)]
  0x00000219e3ccbfe0 WorkerThread "G1 Conc#1"                       [id=13196, stack(0x000000bed5800000,0x000000bed5900000) (1024K)]
  0x00000219c46de020 ConcurrentGCThread "G1 Refine#0"               [id=5984, stack(0x000000bed3900000,0x000000bed3a00000) (1024K)]
  0x00000219c46de940 ConcurrentGCThread "G1 Service"                [id=3592, stack(0x000000bed3a00000,0x000000bed3b00000) (1024K)]
Total: 15

Threads with active compile tasks:
C2 CompilerThread0  7634 4795   !   4       java.net.URLClassLoader::defineClass (224 bytes)
C2 CompilerThread1  7634 4895       4       jdk.internal.loader.URLClassPath::getResource (74 bytes)
Total: 2

VM state: not at safepoint (normal execution)

VM Mutex/Monitor currently owned by a thread: None

Heap address: 0x0000000080000000, size: 2048 MB, Compressed Oops mode: 32-bit

CDS archive(s) not mapped
Compressed class space mapped at: 0x0000000100000000-0x0000000140000000, reserved size: 1073741824
Narrow klass base: 0x0000000000000000, Narrow klass shift: 3, Narrow klass range: 0x140000000

GC Precious Log:
 CardTable entry size: 512
 Card Set container configuration: InlinePtr #cards 5 size 8 Array Of Cards #cards 12 size 40 Howl #buckets 4 coarsen threshold 1843 Howl Bitmap #cards 512 size 80 coarsen threshold 460 Card regions per heap region 1 cards per card region 2048
 CPUs: 8 total, 8 available
 Memory: 8035M
 Large Page Support: Disabled
 NUMA Support: Disabled
 Compressed Oops: Enabled (32-bit)
 Heap Region Size: 1M
 Heap Min Capacity: 8M
 Heap Initial Capacity: 126M
 Heap Max Capacity: 2G
 Pre-touch: Disabled
 Parallel Workers: 8
 Concurrent Workers: 2
 Concurrent Refinement Workers: 8
 Periodic GC: Disabled

Heap:
 garbage-first heap   total 106496K, used 84992K [0x0000000080000000, 0x0000000100000000)
  region size 1024K, 53 young (54272K), 5 survivors (5120K)
 Metaspace       used 57768K, committed 59264K, reserved 1114112K
  class space    used 7793K, committed 8512K, reserved 1048576K

Heap Regions: E=young(eden), S=young(survivor), O=old, HS=humongous(starts), HC=humongous(continues), CS=collection set, F=free, TAMS=top-at-mark-start, PB=parsable bottom
|   0|0x0000000080000000, 0x0000000080100000, 0x0000000080100000|100%| O|  |TAMS 0x0000000080000000| PB 0x0000000080000000| Untracked 
|   1|0x0000000080100000, 0x0000000080200000, 0x0000000080200000|100%|HS|  |TAMS 0x0000000080100000| PB 0x0000000080100000| Complete 
|   2|0x0000000080200000, 0x0000000080300000, 0x0000000080300000|100%|HC|  |TAMS 0x0000000080200000| PB 0x0000000080200000| Complete 
|   3|0x0000000080300000, 0x0000000080400000, 0x0000000080400000|100%|HC|  |TAMS 0x0000000080300000| PB 0x0000000080300000| Complete 
|   4|0x0000000080400000, 0x0000000080500000, 0x0000000080500000|100%| O|  |TAMS 0x0000000080400000| PB 0x0000000080400000| Untracked 
|   5|0x0000000080500000, 0x0000000080600000, 0x0000000080600000|100%| O|  |TAMS 0x0000000080500000| PB 0x0000000080500000| Untracked 
|   6|0x0000000080600000, 0x0000000080700000, 0x0000000080700000|100%| O|  |TAMS 0x0000000080600000| PB 0x0000000080600000| Untracked 
|   7|0x0000000080700000, 0x0000000080800000, 0x0000000080800000|100%|HS|  |TAMS 0x0000000080700000| PB 0x0000000080700000| Complete 
|   8|0x0000000080800000, 0x0000000080900000, 0x0000000080900000|100%| O|  |TAMS 0x0000000080800000| PB 0x0000000080800000| Untracked 
|   9|0x0000000080900000, 0x0000000080a00000, 0x0000000080a00000|100%| O|  |TAMS 0x0000000080900000| PB 0x0000000080900000| Untracked 
|  10|0x0000000080a00000, 0x0000000080b00000, 0x0000000080b00000|100%| O|  |TAMS 0x0000000080a00000| PB 0x0000000080a00000| Untracked 
|  11|0x0000000080b00000, 0x0000000080c00000, 0x0000000080c00000|100%| O|  |TAMS 0x0000000080b00000| PB 0x0000000080b00000| Untracked 
|  12|0x0000000080c00000, 0x0000000080d00000, 0x0000000080d00000|100%| O|  |TAMS 0x0000000080c00000| PB 0x0000000080c00000| Untracked 
|  13|0x0000000080d00000, 0x0000000080e00000, 0x0000000080e00000|100%| O|  |TAMS 0x0000000080d00000| PB 0x0000000080d00000| Untracked 
|  14|0x0000000080e00000, 0x0000000080f00000, 0x0000000080f00000|100%| O|  |TAMS 0x0000000080e00000| PB 0x0000000080e00000| Untracked 
|  15|0x0000000080f00000, 0x0000000081000000, 0x0000000081000000|100%| O|  |TAMS 0x0000000080f00000| PB 0x0000000080f00000| Untracked 
|  16|0x0000000081000000, 0x0000000081100000, 0x0000000081100000|100%| O|  |TAMS 0x0000000081000000| PB 0x0000000081000000| Untracked 
|  17|0x0000000081100000, 0x0000000081200000, 0x0000000081200000|100%| O|  |TAMS 0x0000000081100000| PB 0x0000000081100000| Untracked 
|  18|0x0000000081200000, 0x0000000081300000, 0x0000000081300000|100%| O|  |TAMS 0x0000000081200000| PB 0x0000000081200000| Untracked 
|  19|0x0000000081300000, 0x0000000081400000, 0x0000000081400000|100%| O|  |TAMS 0x0000000081300000| PB 0x0000000081300000| Untracked 
|  20|0x0000000081400000, 0x0000000081500000, 0x0000000081500000|100%| O|  |TAMS 0x0000000081400000| PB 0x0000000081400000| Untracked 
|  21|0x0000000081500000, 0x0000000081600000, 0x0000000081600000|100%| O|  |TAMS 0x0000000081500000| PB 0x0000000081500000| Untracked 
|  22|0x0000000081600000, 0x0000000081700000, 0x0000000081700000|100%| O|  |TAMS 0x0000000081600000| PB 0x0000000081600000| Untracked 
|  23|0x0000000081700000, 0x0000000081800000, 0x0000000081800000|100%| O|  |TAMS 0x0000000081700000| PB 0x0000000081700000| Untracked 
|  24|0x0000000081800000, 0x0000000081900000, 0x0000000081900000|100%|HS|  |TAMS 0x0000000081800000| PB 0x0000000081800000| Complete 
|  25|0x0000000081900000, 0x0000000081a00000, 0x0000000081a00000|100%|HS|  |TAMS 0x0000000081900000| PB 0x0000000081900000| Complete 
|  26|0x0000000081a00000, 0x0000000081a00000, 0x0000000081b00000|  0%| F|  |TAMS 0x0000000081a00000| PB 0x0000000081a00000| Untracked 
|  27|0x0000000081b00000, 0x0000000081b00000, 0x0000000081c00000|  0%| F|  |TAMS 0x0000000081b00000| PB 0x0000000081b00000| Untracked 
|  28|0x0000000081c00000, 0x0000000081c00000, 0x0000000081d00000|  0%| F|  |TAMS 0x0000000081c00000| PB 0x0000000081c00000| Untracked 
|  29|0x0000000081d00000, 0x0000000081d00000, 0x0000000081e00000|  0%| F|  |TAMS 0x0000000081d00000| PB 0x0000000081d00000| Untracked 
|  30|0x0000000081e00000, 0x0000000081f00000, 0x0000000081f00000|100%| S|CS|TAMS 0x0000000081e00000| PB 0x0000000081e00000| Complete 
|  31|0x0000000081f00000, 0x0000000082000000, 0x0000000082000000|100%| O|  |TAMS 0x0000000081f00000| PB 0x0000000081f00000| Untracked 
|  32|0x0000000082000000, 0x0000000082100000, 0x0000000082100000|100%| O|  |TAMS 0x0000000082000000| PB 0x0000000082000000| Untracked 
|  33|0x0000000082100000, 0x0000000082200000, 0x0000000082200000|100%| S|CS|TAMS 0x0000000082100000| PB 0x0000000082100000| Complete 
|  34|0x0000000082200000, 0x0000000082200000, 0x0000000082300000|  0%| F|  |TAMS 0x0000000082200000| PB 0x0000000082200000| Untracked 
|  35|0x0000000082300000, 0x0000000082300000, 0x0000000082400000|  0%| F|  |TAMS 0x0000000082300000| PB 0x0000000082300000| Untracked 
|  36|0x0000000082400000, 0x0000000082400000, 0x0000000082500000|  0%| F|  |TAMS 0x0000000082400000| PB 0x0000000082400000| Untracked 
|  37|0x0000000082500000, 0x0000000082500000, 0x0000000082600000|  0%| F|  |TAMS 0x0000000082500000| PB 0x0000000082500000| Untracked 
|  38|0x0000000082600000, 0x0000000082700000, 0x0000000082700000|100%| S|CS|TAMS 0x0000000082600000| PB 0x0000000082600000| Complete 
|  39|0x0000000082700000, 0x0000000082800000, 0x0000000082800000|100%| S|CS|TAMS 0x0000000082700000| PB 0x0000000082700000| Complete 
|  40|0x0000000082800000, 0x0000000082900000, 0x0000000082900000|100%| S|CS|TAMS 0x0000000082800000| PB 0x0000000082800000| Complete 
|  41|0x0000000082900000, 0x0000000082900000, 0x0000000082a00000|  0%| F|  |TAMS 0x0000000082900000| PB 0x0000000082900000| Untracked 
|  42|0x0000000082a00000, 0x0000000082a00000, 0x0000000082b00000|  0%| F|  |TAMS 0x0000000082a00000| PB 0x0000000082a00000| Untracked 
|  43|0x0000000082b00000, 0x0000000082b00000, 0x0000000082c00000|  0%| F|  |TAMS 0x0000000082b00000| PB 0x0000000082b00000| Untracked 
|  44|0x0000000082c00000, 0x0000000082c00000, 0x0000000082d00000|  0%| F|  |TAMS 0x0000000082c00000| PB 0x0000000082c00000| Untracked 
|  45|0x0000000082d00000, 0x0000000082d00000, 0x0000000082e00000|  0%| F|  |TAMS 0x0000000082d00000| PB 0x0000000082d00000| Untracked 
|  46|0x0000000082e00000, 0x0000000082e00000, 0x0000000082f00000|  0%| F|  |TAMS 0x0000000082e00000| PB 0x0000000082e00000| Untracked 
|  47|0x0000000082f00000, 0x0000000082f00000, 0x0000000083000000|  0%| F|  |TAMS 0x0000000082f00000| PB 0x0000000082f00000| Untracked 
|  48|0x0000000083000000, 0x0000000083000000, 0x0000000083100000|  0%| F|  |TAMS 0x0000000083000000| PB 0x0000000083000000| Untracked 
|  49|0x0000000083100000, 0x0000000083100000, 0x0000000083200000|  0%| F|  |TAMS 0x0000000083100000| PB 0x0000000083100000| Untracked 
|  50|0x0000000083200000, 0x0000000083200000, 0x0000000083300000|  0%| F|  |TAMS 0x0000000083200000| PB 0x0000000083200000| Untracked 
|  51|0x0000000083300000, 0x0000000083300000, 0x0000000083400000|  0%| F|  |TAMS 0x0000000083300000| PB 0x0000000083300000| Untracked 
|  52|0x0000000083400000, 0x0000000083480000, 0x0000000083500000| 50%| E|  |TAMS 0x0000000083400000| PB 0x0000000083400000| Complete 
|  53|0x0000000083500000, 0x0000000083600000, 0x0000000083600000|100%| E|CS|TAMS 0x0000000083500000| PB 0x0000000083500000| Complete 
|  54|0x0000000083600000, 0x0000000083700000, 0x0000000083700000|100%| E|CS|TAMS 0x0000000083600000| PB 0x0000000083600000| Complete 
|  55|0x0000000083700000, 0x0000000083800000, 0x0000000083800000|100%| E|CS|TAMS 0x0000000083700000| PB 0x0000000083700000| Complete 
|  56|0x0000000083800000, 0x0000000083900000, 0x0000000083900000|100%| E|CS|TAMS 0x0000000083800000| PB 0x0000000083800000| Complete 
|  57|0x0000000083900000, 0x0000000083a00000, 0x0000000083a00000|100%| E|CS|TAMS 0x0000000083900000| PB 0x0000000083900000| Complete 
|  58|0x0000000083a00000, 0x0000000083b00000, 0x0000000083b00000|100%| E|CS|TAMS 0x0000000083a00000| PB 0x0000000083a00000| Complete 
|  59|0x0000000083b00000, 0x0000000083c00000, 0x0000000083c00000|100%| E|CS|TAMS 0x0000000083b00000| PB 0x0000000083b00000| Complete 
|  60|0x0000000083c00000, 0x0000000083d00000, 0x0000000083d00000|100%| E|CS|TAMS 0x0000000083c00000| PB 0x0000000083c00000| Complete 
|  61|0x0000000083d00000, 0x0000000083e00000, 0x0000000083e00000|100%| E|CS|TAMS 0x0000000083d00000| PB 0x0000000083d00000| Complete 
|  62|0x0000000083e00000, 0x0000000083f00000, 0x0000000083f00000|100%| E|CS|TAMS 0x0000000083e00000| PB 0x0000000083e00000| Complete 
|  63|0x0000000083f00000, 0x0000000084000000, 0x0000000084000000|100%| E|CS|TAMS 0x0000000083f00000| PB 0x0000000083f00000| Complete 
|  64|0x0000000084000000, 0x0000000084100000, 0x0000000084100000|100%| E|CS|TAMS 0x0000000084000000| PB 0x0000000084000000| Complete 
|  65|0x0000000084100000, 0x0000000084200000, 0x0000000084200000|100%| E|CS|TAMS 0x0000000084100000| PB 0x0000000084100000| Complete 
|  66|0x0000000084200000, 0x0000000084300000, 0x0000000084300000|100%| E|CS|TAMS 0x0000000084200000| PB 0x0000000084200000| Complete 
|  67|0x0000000084300000, 0x0000000084400000, 0x0000000084400000|100%| E|CS|TAMS 0x0000000084300000| PB 0x0000000084300000| Complete 
|  68|0x0000000084400000, 0x0000000084500000, 0x0000000084500000|100%| E|CS|TAMS 0x0000000084400000| PB 0x0000000084400000| Complete 
|  69|0x0000000084500000, 0x0000000084600000, 0x0000000084600000|100%| E|CS|TAMS 0x0000000084500000| PB 0x0000000084500000| Complete 
|  70|0x0000000084600000, 0x0000000084700000, 0x0000000084700000|100%| E|CS|TAMS 0x0000000084600000| PB 0x0000000084600000| Complete 
|  71|0x0000000084700000, 0x0000000084800000, 0x0000000084800000|100%| E|CS|TAMS 0x0000000084700000| PB 0x0000000084700000| Complete 
|  72|0x0000000084800000, 0x0000000084900000, 0x0000000084900000|100%| E|CS|TAMS 0x0000000084800000| PB 0x0000000084800000| Complete 
|  73|0x0000000084900000, 0x0000000084a00000, 0x0000000084a00000|100%| E|CS|TAMS 0x0000000084900000| PB 0x0000000084900000| Complete 
|  74|0x0000000084a00000, 0x0000000084b00000, 0x0000000084b00000|100%| E|CS|TAMS 0x0000000084a00000| PB 0x0000000084a00000| Complete 
|  75|0x0000000084b00000, 0x0000000084c00000, 0x0000000084c00000|100%| E|CS|TAMS 0x0000000084b00000| PB 0x0000000084b00000| Complete 
|  76|0x0000000084c00000, 0x0000000084d00000, 0x0000000084d00000|100%| E|CS|TAMS 0x0000000084c00000| PB 0x0000000084c00000| Complete 
|  77|0x0000000084d00000, 0x0000000084e00000, 0x0000000084e00000|100%| E|CS|TAMS 0x0000000084d00000| PB 0x0000000084d00000| Complete 
|  78|0x0000000084e00000, 0x0000000084f00000, 0x0000000084f00000|100%| E|CS|TAMS 0x0000000084e00000| PB 0x0000000084e00000| Complete 
|  79|0x0000000084f00000, 0x0000000085000000, 0x0000000085000000|100%| E|CS|TAMS 0x0000000084f00000| PB 0x0000000084f00000| Complete 
|  80|0x0000000085000000, 0x0000000085100000, 0x0000000085100000|100%| E|CS|TAMS 0x0000000085000000| PB 0x0000000085000000| Complete 
|  81|0x0000000085100000, 0x0000000085200000, 0x0000000085200000|100%| E|CS|TAMS 0x0000000085100000| PB 0x0000000085100000| Complete 
|  82|0x0000000085200000, 0x0000000085300000, 0x0000000085300000|100%| E|CS|TAMS 0x0000000085200000| PB 0x0000000085200000| Complete 
|  83|0x0000000085300000, 0x0000000085400000, 0x0000000085400000|100%| E|CS|TAMS 0x0000000085300000| PB 0x0000000085300000| Complete 
|  84|0x0000000085400000, 0x0000000085500000, 0x0000000085500000|100%| E|CS|TAMS 0x0000000085400000| PB 0x0000000085400000| Complete 
|  85|0x0000000085500000, 0x0000000085600000, 0x0000000085600000|100%| E|CS|TAMS 0x0000000085500000| PB 0x0000000085500000| Complete 
|  86|0x0000000085600000, 0x0000000085700000, 0x0000000085700000|100%| E|CS|TAMS 0x0000000085600000| PB 0x0000000085600000| Complete 
|  87|0x0000000085700000, 0x0000000085800000, 0x0000000085800000|100%| E|  |TAMS 0x0000000085700000| PB 0x0000000085700000| Complete 
|  90|0x0000000085a00000, 0x0000000085b00000, 0x0000000085b00000|100%| E|CS|TAMS 0x0000000085a00000| PB 0x0000000085a00000| Complete 
|  91|0x0000000085b00000, 0x0000000085c00000, 0x0000000085c00000|100%| E|CS|TAMS 0x0000000085b00000| PB 0x0000000085b00000| Complete 
|  92|0x0000000085c00000, 0x0000000085d00000, 0x0000000085d00000|100%| E|CS|TAMS 0x0000000085c00000| PB 0x0000000085c00000| Complete 
|  93|0x0000000085d00000, 0x0000000085e00000, 0x0000000085e00000|100%| E|CS|TAMS 0x0000000085d00000| PB 0x0000000085d00000| Complete 
|  94|0x0000000085e00000, 0x0000000085f00000, 0x0000000085f00000|100%| E|CS|TAMS 0x0000000085e00000| PB 0x0000000085e00000| Complete 
|  95|0x0000000085f00000, 0x0000000086000000, 0x0000000086000000|100%| E|CS|TAMS 0x0000000085f00000| PB 0x0000000085f00000| Complete 
|  96|0x0000000086000000, 0x0000000086100000, 0x0000000086100000|100%| E|CS|TAMS 0x0000000086000000| PB 0x0000000086000000| Complete 
|  97|0x0000000086100000, 0x0000000086200000, 0x0000000086200000|100%| E|CS|TAMS 0x0000000086100000| PB 0x0000000086100000| Complete 
|  98|0x0000000086200000, 0x0000000086300000, 0x0000000086300000|100%| E|CS|TAMS 0x0000000086200000| PB 0x0000000086200000| Complete 
| 124|0x0000000087c00000, 0x0000000087d00000, 0x0000000087d00000|100%| E|CS|TAMS 0x0000000087c00000| PB 0x0000000087c00000| Complete 
| 125|0x0000000087d00000, 0x0000000087e00000, 0x0000000087e00000|100%| E|CS|TAMS 0x0000000087d00000| PB 0x0000000087d00000| Complete 
|2043|0x00000000ffb00000, 0x00000000ffc00000, 0x00000000ffc00000|100%| O|  |TAMS 0x00000000ffb00000| PB 0x00000000ffb00000| Untracked 
|2044|0x00000000ffc00000, 0x00000000ffd00000, 0x00000000ffd00000|100%| O|  |TAMS 0x00000000ffc00000| PB 0x00000000ffc00000| Untracked 
|2045|0x00000000ffd00000, 0x00000000ffe00000, 0x00000000ffe00000|100%| E|CS|TAMS 0x00000000ffd00000| PB 0x00000000ffd00000| Complete 
|2046|0x00000000ffe00000, 0x00000000fff00000, 0x00000000fff00000|100%| O|  |TAMS 0x00000000ffe00000| PB 0x00000000ffe00000| Untracked 
|2047|0x00000000fff00000, 0x0000000100000000, 0x0000000100000000|100%| O|  |TAMS 0x00000000fff00000| PB 0x00000000fff00000| Untracked 

Card table byte_map: [0x00000219d8e80000,0x00000219d9280000] _byte_map_base: 0x00000219d8a80000

Marking Bits: (CMBitMap*) 0x00000219c4674e90
 Bits: [0x00000219d9280000, 0x00000219db280000)

Polling page: 0x00000219c46e0000

Metaspace:

Usage:
  Non-class:     48.83 MB used.
      Class:      7.61 MB used.
       Both:     56.44 MB used.

Virtual space:
  Non-class space:       64.00 MB reserved,      49.56 MB ( 77%) committed,  1 nodes.
      Class space:        1.00 GB reserved,       8.31 MB ( <1%) committed,  1 nodes.
             Both:        1.06 GB reserved,      57.88 MB (  5%) committed. 

Chunk freelists:
   Non-Class:  14.14 MB
       Class:  7.50 MB
        Both:  21.64 MB

MaxMetaspaceSize: unlimited
CompressedClassSpaceSize: 1.00 GB
Initial GC threshold: 21.00 MB
Current GC threshold: 59.50 MB
CDS: off
 - commit_granule_bytes: 65536.
 - commit_granule_words: 8192.
 - virtual_space_node_default_size: 8388608.
 - enlarge_chunks_in_place: 1.
 - use_allocation_guard: 0.


Internal statistics:

num_allocs_failed_limit: 9.
num_arena_births: 2762.
num_arena_deaths: 0.
num_vsnodes_births: 2.
num_vsnodes_deaths: 0.
num_space_committed: 926.
num_space_uncommitted: 0.
num_chunks_returned_to_freelist: 9.
num_chunks_taken_from_freelist: 4974.
num_chunk_merges: 9.
num_chunk_splits: 3268.
num_chunks_enlarged: 2064.
num_inconsistent_stats: 0.

CodeHeap 'non-profiled nmethods': size=120000Kb used=2935Kb max_used=2935Kb free=117064Kb
 bounds [0x00000219d0bd0000, 0x00000219d0eb0000, 0x00000219d8100000]
CodeHeap 'profiled nmethods': size=120000Kb used=8489Kb max_used=8489Kb free=111510Kb
 bounds [0x00000219c9100000, 0x00000219c9950000, 0x00000219d0630000]
CodeHeap 'non-nmethods': size=5760Kb used=1945Kb max_used=1980Kb free=3814Kb
 bounds [0x00000219d0630000, 0x00000219d08a0000, 0x00000219d0bd0000]
 total_blobs=5221 nmethods=4490 adapters=634
 compilation: enabled
              stopped_count=0, restarted_count=0
 full_count=0

Compilation events (20 events):
Event: 7.431 Thread 0x00000219e43ea4a0 nmethod 4886 0x00000219d0ea8410 code [0x00000219d0ea85a0, 0x00000219d0ea8628]
Event: 7.431 Thread 0x00000219e43ea4a0 4885       4       org.gradle.internal.reflect.MethodSet$MethodKey::hashCode (29 bytes)
Event: 7.431 Thread 0x00000219e2097fa0 nmethod 4887 0x00000219c9946b90 code [0x00000219c9946d20, 0x00000219c9946e18]
Event: 7.433 Thread 0x00000219e2097fa0 4888       3       java.lang.invoke.MethodHandles$Lookup::restrictReceiver (127 bytes)
Event: 7.434 Thread 0x00000219e2097fa0 nmethod 4888 0x00000219c9946e90 code [0x00000219c99470a0, 0x00000219c99475b0]
Event: 7.437 Thread 0x00000219e43ea4a0 nmethod 4885 0x00000219d0ea8710 code [0x00000219d0ea88c0, 0x00000219d0ea8d20]
Event: 7.437 Thread 0x00000219e43ea4a0 4884       4       jdk.internal.loader.URLClassPath$JarLoader$2::getManifest (26 bytes)
Event: 7.439 Thread 0x00000219e2097fa0 4889       3       java.net.URI::match (56 bytes)
Event: 7.439 Thread 0x00000219e2097fa0 nmethod 4889 0x00000219c9947810 code [0x00000219c99479c0, 0x00000219c9947c90]
Event: 7.441 Thread 0x00000219e2097fa0 4890       3       java.net.URI$Parser::scan (76 bytes)
Event: 7.442 Thread 0x00000219e2097fa0 nmethod 4890 0x00000219c9947d10 code [0x00000219c9947f40, 0x00000219c99487b0]
Event: 7.447 Thread 0x00000219e2097fa0 4891       1       com.google.common.base.Suppliers$SupplierOfInstance::get (5 bytes)
Event: 7.448 Thread 0x00000219e2097fa0 nmethod 4891 0x00000219d0ea8f10 code [0x00000219d0ea90a0, 0x00000219d0ea9168]
Event: 7.477 Thread 0x00000219e2097fa0 4893   !   2       jdk.internal.loader.Resource::getBytes (244 bytes)
Event: 7.478 Thread 0x00000219e2097fa0 nmethod 4893 0x00000219c9948c10 code [0x00000219c9948ea0, 0x00000219c99498f0]
Event: 7.492 Thread 0x00000219e43ea4a0 nmethod 4884 0x00000219d0ea9210 code [0x00000219d0ea9640, 0x00000219d0eabfc0]
Event: 7.492 Thread 0x00000219e43ea4a0 4894 %     4       java.io.WinNTFileSystem::normalize @ 22 (143 bytes)
Event: 7.497 Thread 0x00000219e43ea4a0 nmethod 4894% 0x00000219d0eace90 code [0x00000219d0ead080, 0x00000219d0ead4c8]
Event: 7.497 Thread 0x00000219e43ea4a0 4892       4       sun.net.www.protocol.jar.Handler::checkNestedProtocol (18 bytes)
Event: 7.500 Thread 0x00000219e43ea4a0 nmethod 4892 0x00000219d0ead890 code [0x00000219d0eada20, 0x00000219d0eadc40]

GC Heap History (20 events):
Event: 0.493 GC heap before
{Heap before GC invocations=0 (full 0):
 garbage-first heap   total 129024K, used 22528K [0x0000000080000000, 0x0000000100000000)
  region size 1024K, 23 young (23552K), 0 survivors (0K)
 Metaspace       used 7966K, committed 8128K, reserved 1114112K
  class space    used 709K, committed 768K, reserved 1048576K
}
Event: 0.498 GC heap after
{Heap after GC invocations=1 (full 0):
 garbage-first heap   total 129024K, used 3551K [0x0000000080000000, 0x0000000100000000)
  region size 1024K, 3 young (3072K), 3 survivors (3072K)
 Metaspace       used 7966K, committed 8128K, reserved 1114112K
  class space    used 709K, committed 768K, reserved 1048576K
}
Event: 1.042 GC heap before
{Heap before GC invocations=1 (full 0):
 garbage-first heap   total 129024K, used 39391K [0x0000000080000000, 0x0000000100000000)
  region size 1024K, 36 young (36864K), 3 survivors (3072K)
 Metaspace       used 12125K, committed 12352K, reserved 1114112K
  class space    used 1273K, committed 1408K, reserved 1048576K
}
Event: 1.049 GC heap after
{Heap after GC invocations=2 (full 0):
 garbage-first heap   total 129024K, used 11405K [0x0000000080000000, 0x0000000100000000)
  region size 1024K, 5 young (5120K), 5 survivors (5120K)
 Metaspace       used 12125K, committed 12352K, reserved 1114112K
  class space    used 1273K, committed 1408K, reserved 1048576K
}
Event: 1.871 GC heap before
{Heap before GC invocations=2 (full 0):
 garbage-first heap   total 129024K, used 59533K [0x0000000080000000, 0x0000000100000000)
  region size 1024K, 50 young (51200K), 5 survivors (5120K)
 Metaspace       used 12935K, committed 13184K, reserved 1114112K
  class space    used 1415K, committed 1536K, reserved 1048576K
}
Event: 1.878 GC heap after
{Heap after GC invocations=3 (full 0):
 garbage-first heap   total 129024K, used 17497K [0x0000000080000000, 0x0000000100000000)
  region size 1024K, 5 young (5120K), 5 survivors (5120K)
 Metaspace       used 12935K, committed 13184K, reserved 1114112K
  class space    used 1415K, committed 1536K, reserved 1048576K
}
Event: 2.616 GC heap before
{Heap before GC invocations=3 (full 0):
 garbage-first heap   total 129024K, used 44121K [0x0000000080000000, 0x0000000100000000)
  region size 1024K, 32 young (32768K), 5 survivors (5120K)
 Metaspace       used 21147K, committed 21504K, reserved 1114112K
  class space    used 2441K, committed 2624K, reserved 1048576K
}
Event: 2.621 GC heap after
{Heap after GC invocations=4 (full 0):
 garbage-first heap   total 129024K, used 20992K [0x0000000080000000, 0x0000000100000000)
  region size 1024K, 9 young (9216K), 9 survivors (9216K)
 Metaspace       used 21147K, committed 21504K, reserved 1114112K
  class space    used 2441K, committed 2624K, reserved 1048576K
}
Event: 3.456 GC heap before
{Heap before GC invocations=5 (full 0):
 garbage-first heap   total 75776K, used 74240K [0x0000000080000000, 0x0000000100000000)
  region size 1024K, 61 young (62464K), 9 survivors (9216K)
 Metaspace       used 29639K, committed 30272K, reserved 1114112K
  class space    used 3806K, committed 4096K, reserved 1048576K
}
Event: 3.465 GC heap after
{Heap after GC invocations=6 (full 0):
 garbage-first heap   total 88064K, used 24406K [0x0000000080000000, 0x0000000100000000)
  region size 1024K, 7 young (7168K), 7 survivors (7168K)
 Metaspace       used 29639K, committed 30272K, reserved 1114112K
  class space    used 3806K, committed 4096K, reserved 1048576K
}
Event: 4.382 GC heap before
{Heap before GC invocations=6 (full 0):
 garbage-first heap   total 88064K, used 64342K [0x0000000080000000, 0x0000000100000000)
  region size 1024K, 47 young (48128K), 7 survivors (7168K)
 Metaspace       used 35239K, committed 36096K, reserved 1114112K
  class space    used 4722K, committed 5184K, reserved 1048576K
}
Event: 4.392 GC heap after
{Heap after GC invocations=7 (full 0):
 garbage-first heap   total 88064K, used 26974K [0x0000000080000000, 0x0000000100000000)
  region size 1024K, 6 young (6144K), 6 survivors (6144K)
 Metaspace       used 35239K, committed 36096K, reserved 1114112K
  class space    used 4722K, committed 5184K, reserved 1048576K
}
Event: 4.463 GC heap before
{Heap before GC invocations=7 (full 0):
 garbage-first heap   total 88064K, used 30046K [0x0000000080000000, 0x0000000100000000)
  region size 1024K, 10 young (10240K), 6 survivors (6144K)
 Metaspace       used 35600K, committed 36416K, reserved 1114112K
  class space    used 4778K, committed 5184K, reserved 1048576K
}
Event: 4.470 GC heap after
{Heap after GC invocations=8 (full 0):
 garbage-first heap   total 88064K, used 26985K [0x0000000080000000, 0x0000000100000000)
  region size 1024K, 3 young (3072K), 3 survivors (3072K)
 Metaspace       used 35600K, committed 36416K, reserved 1114112K
  class space    used 4778K, committed 5184K, reserved 1048576K
}
Event: 5.485 GC heap before
{Heap before GC invocations=9 (full 0):
 garbage-first heap   total 88064K, used 75113K [0x0000000080000000, 0x0000000100000000)
  region size 1024K, 50 young (51200K), 3 survivors (3072K)
 Metaspace       used 44259K, committed 45440K, reserved 1114112K
  class space    used 5932K, committed 6528K, reserved 1048576K
}
Event: 5.492 GC heap after
{Heap after GC invocations=10 (full 0):
 garbage-first heap   total 88064K, used 31316K [0x0000000080000000, 0x0000000100000000)
  region size 1024K, 7 young (7168K), 7 survivors (7168K)
 Metaspace       used 44259K, committed 45440K, reserved 1114112K
  class space    used 5932K, committed 6528K, reserved 1048576K
}
Event: 5.947 GC heap before
{Heap before GC invocations=10 (full 0):
 garbage-first heap   total 88064K, used 74324K [0x0000000080000000, 0x0000000100000000)
  region size 1024K, 50 young (51200K), 7 survivors (7168K)
 Metaspace       used 46680K, committed 48000K, reserved 1114112K
  class space    used 6228K, committed 6912K, reserved 1048576K
}
Event: 5.955 GC heap after
{Heap after GC invocations=11 (full 0):
 garbage-first heap   total 88064K, used 34264K [0x0000000080000000, 0x0000000100000000)
  region size 1024K, 4 young (4096K), 4 survivors (4096K)
 Metaspace       used 46680K, committed 48000K, reserved 1114112K
  class space    used 6228K, committed 6912K, reserved 1048576K
}
Event: 6.669 GC heap before
{Heap before GC invocations=11 (full 0):
 garbage-first heap   total 88064K, used 76248K [0x0000000080000000, 0x0000000100000000)
  region size 1024K, 45 young (46080K), 4 survivors (4096K)
 Metaspace       used 50684K, committed 52160K, reserved 1114112K
  class space    used 6886K, committed 7616K, reserved 1048576K
}
Event: 6.675 GC heap after
{Heap after GC invocations=12 (full 0):
 garbage-first heap   total 106496K, used 35840K [0x0000000080000000, 0x0000000100000000)
  region size 1024K, 5 young (5120K), 5 survivors (5120K)
 Metaspace       used 50684K, committed 52160K, reserved 1114112K
  class space    used 6886K, committed 7616K, reserved 1048576K
}

Dll operation events (3 events):
Event: 0.012 Loaded shared library C:\Program Files\Android\Android Studio2\jbr\bin\java.dll
Event: 0.018 Loaded shared library C:\Program Files\Android\Android Studio2\jbr\bin\zip.dll
Event: 0.571 Loaded shared library C:\Program Files\Android\Android Studio2\jbr\bin\verify.dll

Deoptimization events (20 events):
Event: 7.392 Thread 0x00000219e3e5ce20 Uncommon trap: trap_request=0xffffffde fr.pc=0x00000219d0d6559c relative=0x00000000000002dc
Event: 7.392 Thread 0x00000219e3e5ce20 Uncommon trap: reason=class_check action=maybe_recompile pc=0x00000219d0d6559c method=java.util.Collections$SetFromMap.remove(Ljava/lang/Object;)Z @ 5 c2
Event: 7.392 Thread 0x00000219e3e5ce20 DEOPT PACKING pc=0x00000219d0d6559c sp=0x000000bed52fb050
Event: 7.392 Thread 0x00000219e3e5ce20 DEOPT UNPACKING pc=0x00000219d06846a2 sp=0x000000bed52fb038 mode 2
Event: 7.414 Thread 0x00000219e3e5ce20 Uncommon trap: trap_request=0xffffffde fr.pc=0x00000219d0e0567c relative=0x00000000000026bc
Event: 7.414 Thread 0x00000219e3e5ce20 Uncommon trap: reason=class_check action=maybe_recompile pc=0x00000219d0e0567c method=java.util.regex.Pattern$CharProperty.study(Ljava/util/regex/Pattern$TreeInfo;)Z @ 25 c2
Event: 7.414 Thread 0x00000219e3e5ce20 DEOPT PACKING pc=0x00000219d0e0567c sp=0x000000bed52f9fd0
Event: 7.414 Thread 0x00000219e3e5ce20 DEOPT UNPACKING pc=0x00000219d06846a2 sp=0x000000bed52f9ec8 mode 2
Event: 7.438 Thread 0x00000219e3e5ce20 Uncommon trap: trap_request=0xffffff45 fr.pc=0x00000219d0c5a840 relative=0x0000000000000200
Event: 7.438 Thread 0x00000219e3e5ce20 Uncommon trap: reason=unstable_if action=reinterpret pc=0x00000219d0c5a840 method=java.net.URI$Parser.scan(IILjava/lang/String;)I @ 26 c2
Event: 7.438 Thread 0x00000219e3e5ce20 DEOPT PACKING pc=0x00000219d0c5a840 sp=0x000000bed52fa260
Event: 7.438 Thread 0x00000219e3e5ce20 DEOPT UNPACKING pc=0x00000219d06846a2 sp=0x000000bed52fa1f0 mode 2
Event: 7.438 Thread 0x00000219e3e5ce20 Uncommon trap: trap_request=0xffffff45 fr.pc=0x00000219d0c57940 relative=0x0000000000000180
Event: 7.438 Thread 0x00000219e3e5ce20 Uncommon trap: reason=unstable_if action=reinterpret pc=0x00000219d0c57940 method=java.net.URI.match(CJJ)Z @ 45 c2
Event: 7.438 Thread 0x00000219e3e5ce20 DEOPT PACKING pc=0x00000219d0c57940 sp=0x000000bed52f9fd0
Event: 7.438 Thread 0x00000219e3e5ce20 DEOPT UNPACKING pc=0x00000219d06846a2 sp=0x000000bed52f9ef8 mode 2
Event: 7.438 Thread 0x00000219e3e5ce20 Uncommon trap: trap_request=0xffffff45 fr.pc=0x00000219d0c04404 relative=0x0000000000000064
Event: 7.438 Thread 0x00000219e3e5ce20 Uncommon trap: reason=unstable_if action=reinterpret pc=0x00000219d0c04404 method=java.net.URI.match(CJJ)Z @ 19 c2
Event: 7.438 Thread 0x00000219e3e5ce20 DEOPT PACKING pc=0x00000219d0c04404 sp=0x000000bed52f9fe0
Event: 7.438 Thread 0x00000219e3e5ce20 DEOPT UNPACKING pc=0x00000219d06846a2 sp=0x000000bed52f9f70 mode 2

Classes loaded (20 events):
Event: 7.446 Loading class java/io/DeleteOnExitHook$1
Event: 7.446 Loading class java/io/DeleteOnExitHook$1 done
Event: 7.484 Loading class javax/net/ssl/HostnameVerifier
Event: 7.484 Loading class javax/net/ssl/HostnameVerifier done
Event: 7.488 Loading class javax/net/ssl/TrustManager
Event: 7.488 Loading class javax/net/ssl/TrustManager done
Event: 7.488 Loading class javax/net/ssl/X509TrustManager
Event: 7.488 Loading class javax/net/ssl/X509TrustManager done
Event: 7.491 Loading class javax/net/ssl/SSLException
Event: 7.491 Loading class javax/net/ssl/SSLException done
Event: 7.491 Loading class javax/net/ssl/SSLPeerUnverifiedException
Event: 7.491 Loading class javax/net/ssl/SSLPeerUnverifiedException done
Event: 7.491 Loading class javax/naming/NamingException
Event: 7.492 Loading class javax/naming/NamingException done
Event: 7.492 Loading class javax/naming/InvalidNameException
Event: 7.493 Loading class javax/naming/InvalidNameException done
Event: 7.493 Loading class java/security/cert/CertificateParsingException
Event: 7.493 Loading class java/security/cert/CertificateException
Event: 7.493 Loading class java/security/cert/CertificateException done
Event: 7.493 Loading class java/security/cert/CertificateParsingException done

Classes unloaded (0 events):
No events

Classes redefined (0 events):
No events

Internal exceptions (20 events):
Event: 6.283 Thread 0x00000219e3e5ce20 Exception <a 'java/lang/NoSuchMethodError'{0x0000000083e83858}: 'void java.lang.invoke.DirectMethodHandle$Holder.invokeInterface(java.lang.Object, java.lang.Object, java.lang.Object, java.lang.Object, java.lang.Object, java.lang.Object, java.lang.Object)'> (0x0000000083e83858) 
thrown [s\src\hotspot\share\interpreter\linkResolver.cpp, line 784]
Event: 6.283 Thread 0x00000219e3e5ce20 Exception <a 'java/lang/NoSuchMethodError'{0x0000000083e88170}: 'void java.lang.invoke.DelegatingMethodHandle$Holder.reinvoke_L(java.lang.Object, java.lang.Object, java.lang.Object, java.lang.Object, java.lang.Object, java.lang.Object, java.lang.Object)'> (0x0000000083e88170) 
thrown [s\src\hotspot\share\interpreter\linkResolver.cpp, line 784]
Event: 6.311 Thread 0x00000219e3e5ce20 Exception <a 'java/lang/NoSuchMethodError'{0x0000000083db6e58}: 'java.lang.Object java.lang.invoke.DirectMethodHandle$Holder.invokeVirtual(java.lang.Object, java.lang.Object, java.lang.Object, java.lang.Object, java.lang.Object, java.lang.Object, java.lang.Object, java.lang.Object, java.lang.Object, java.lang.Object, java.lang.Object, java.lang.Object, java.lang.Object, java.lang.Object, java.lang.Object)'> (0x0000000083db6e58) 
thrown [s\src\hotspot\share\interpreter\linkResolver.cpp, line 784]
Event: 6.325 Thread 0x00000219e3e5ce20 Exception <a 'java/lang/NoSuchMethodError'{0x0000000083c8dbf0}: 'java.lang.Object java.lang.invoke.DirectMethodHandle$Holder.newInvokeSpecial(java.lang.Object, java.lang.Object, java.lang.Object, java.lang.Object, java.lang.Object, java.lang.Object, java.lang.Object, java.lang.Object, java.lang.Object, java.lang.Object, java.lang.Object, java.lang.Object, java.lang.Object)'> (0x0000000083c8dbf0) 
thrown [s\src\hotspot\share\interpreter\linkResolver.cpp, line 784]
Event: 6.387 Thread 0x00000219e3e5ce20 Exception <a 'java/lang/NoSuchMethodError'{0x00000000839b7ea8}: 'java.lang.Object java.lang.invoke.DirectMethodHandle$Holder.newInvokeSpecial(java.lang.Object, java.lang.Object, java.lang.Object, java.lang.Object, int)'> (0x00000000839b7ea8) 
thrown [s\src\hotspot\share\interpreter\linkResolver.cpp, line 784]
Event: 6.387 Thread 0x00000219e3e5ce20 Exception <a 'java/lang/NoSuchMethodError'{0x00000000839bcea0}: 'java.lang.Object java.lang.invoke.DirectMethodHandle$Holder.invokeSpecial(java.lang.Object, java.lang.Object, java.lang.Object, java.lang.Object, java.lang.Object, int)'> (0x00000000839bcea0) 
thrown [s\src\hotspot\share\interpreter\linkResolver.cpp, line 784]
Event: 6.388 Thread 0x00000219e3e5ce20 Exception <a 'java/lang/NoSuchMethodError'{0x00000000839c1620}: 'java.lang.Object java.lang.invoke.Invokers$Holder.linkToTargetMethod(java.lang.Object, java.lang.Object, java.lang.Object, int, java.lang.Object)'> (0x00000000839c1620) 
thrown [s\src\hotspot\share\interpreter\linkResolver.cpp, line 784]
Event: 6.434 Thread 0x00000219e3e5ce20 Exception <a 'java/lang/NoSuchMethodError'{0x0000000083604390}: 'int java.lang.invoke.DirectMethodHandle$Holder.invokeInterface(java.lang.Object, java.lang.Object, java.lang.Object, java.lang.Object)'> (0x0000000083604390) 
thrown [s\src\hotspot\share\interpreter\linkResolver.cpp, line 784]
Event: 6.474 Thread 0x00000219e3e5ce20 Exception <a 'java/lang/NoSuchMethodError'{0x000000008345cfa0}: 'java.lang.Object java.lang.invoke.DirectMethodHandle$Holder.invokeStatic(java.lang.Object, long, java.lang.Object)'> (0x000000008345cfa0) 
thrown [s\src\hotspot\share\interpreter\linkResolver.cpp, line 784]
Event: 6.475 Thread 0x00000219e3e5ce20 Exception <a 'java/lang/NoSuchMethodError'{0x0000000083464198}: 'java.lang.Object java.lang.invoke.DirectMethodHandle$Holder.newInvokeSpecial(java.lang.Object, long)'> (0x0000000083464198) 
thrown [s\src\hotspot\share\interpreter\linkResolver.cpp, line 784]
Event: 6.482 Thread 0x00000219e3e5ce20 Exception <a 'java/lang/NoSuchMethodError'{0x00000000834cde50}: 'java.lang.Object java.lang.invoke.Invokers$Holder.linkToTargetMethod(java.lang.Object, java.lang.Object, java.lang.Object, java.lang.Object, long, java.lang.Object, java.lang.Object)'> (0x00000000834cde50) 
thrown [s\src\hotspot\share\interpreter\linkResolver.cpp, line 784]
Event: 6.486 Thread 0x00000219e3e5ce20 Exception <a 'java/lang/NoSuchMethodError'{0x00000000833175b0}: 'java.lang.Object java.lang.invoke.DirectMethodHandle$Holder.invokeSpecial(java.lang.Object, java.lang.Object, java.lang.Object, java.lang.Object, long, java.lang.Object)'> (0x00000000833175b0) 
thrown [s\src\hotspot\share\interpreter\linkResolver.cpp, line 784]
Event: 6.486 Thread 0x00000219e3e5ce20 Exception <a 'java/lang/NoSuchMethodError'{0x000000008331b880}: 'java.lang.Object java.lang.invoke.Invokers$Holder.linkToTargetMethod(java.lang.Object, java.lang.Object, long, java.lang.Object, java.lang.Object)'> (0x000000008331b880) 
thrown [s\src\hotspot\share\interpreter\linkResolver.cpp, line 784]
Event: 6.524 Thread 0x00000219e3e5ce20 Exception <a 'java/lang/NoSuchMethodError'{0x000000008317f4b0}: 'java.lang.Object java.lang.invoke.DirectMethodHandle$Holder.newInvokeSpecial(java.lang.Object, java.lang.Object, java.lang.Object, java.lang.Object, java.lang.Object, java.lang.Object, java.lang.Object, java.lang.Object, java.lang.Object, java.lang.Object, java.lang.Object, java.lang.Object, java.lang.Object, java.lang.Object, java.lang.Object, java.lang.Object, java.lang.Object, java.lang.Object, java.lang.Object, java.lang.Object, java.lang
Event: 6.571 Thread 0x00000219e3e5ce20 Implicit null exception at 0x00000219d0c4fd80 to 0x00000219d0c4fe34
Event: 6.708 Thread 0x00000219e3e5ce20 Exception <a 'java/lang/IncompatibleClassChangeError'{0x0000000087c4e2b0}: Found class java.lang.Object, but interface was expected> (0x0000000087c4e2b0) 
thrown [s\src\hotspot\share\interpreter\linkResolver.cpp, line 851]
Event: 6.767 Thread 0x00000219e3e5ce20 Exception <a 'java/lang/NoSuchMethodError'{0x000000008609a660}: 'java.lang.Object java.lang.invoke.DirectMethodHandle$Holder.newInvokeSpecial(java.lang.Object, int, java.lang.Object)'> (0x000000008609a660) 
thrown [s\src\hotspot\share\interpreter\linkResolver.cpp, line 784]
Event: 6.820 Thread 0x00000219e3e5ce20 Exception <a 'java/lang/NoSuchMethodError'{0x0000000085ed0720}: 'java.lang.Object java.lang.invoke.DirectMethodHandle$Holder.invokeSpecial(java.lang.Object, java.lang.Object, long, java.lang.Object, java.lang.Object)'> (0x0000000085ed0720) 
thrown [s\src\hotspot\share\interpreter\linkResolver.cpp, line 784]
Event: 6.836 Thread 0x00000219e3e5ce20 Exception <a 'java/lang/NoSuchMethodError'{0x0000000085da2860}: 'java.lang.Object java.lang.invoke.DirectMethodHandle$Holder.newInvokeSpecial(java.lang.Object, java.lang.Object, int, java.lang.Object)'> (0x0000000085da2860) 
thrown [s\src\hotspot\share\interpreter\linkResolver.cpp, line 784]
Event: 6.836 Thread 0x00000219e3e5ce20 Exception <a 'java/lang/NoSuchMethodError'{0x0000000085da70a0}: 'java.lang.Object java.lang.invoke.DirectMethodHandle$Holder.invokeSpecial(java.lang.Object, java.lang.Object, java.lang.Object, int, java.lang.Object)'> (0x0000000085da70a0) 
thrown [s\src\hotspot\share\interpreter\linkResolver.cpp, line 784]

ZGC Phase Switch (0 events):
No events

VM Operations (20 events):
Event: 5.628 Executing VM operation: HandshakeAllThreads (Deoptimize)
Event: 5.628 Executing VM operation: HandshakeAllThreads (Deoptimize) done
Event: 5.738 Executing VM operation: ICBufferFull
Event: 5.738 Executing VM operation: ICBufferFull done
Event: 5.946 Executing VM operation: G1CollectForAllocation (G1 Evacuation Pause)
Event: 5.955 Executing VM operation: G1CollectForAllocation (G1 Evacuation Pause) done
Event: 6.041 Executing VM operation: HandshakeAllThreads (Deoptimize)
Event: 6.041 Executing VM operation: HandshakeAllThreads (Deoptimize) done
Event: 6.076 Executing VM operation: HandshakeAllThreads (Deoptimize)
Event: 6.077 Executing VM operation: HandshakeAllThreads (Deoptimize) done
Event: 6.078 Executing VM operation: HandshakeAllThreads (Deoptimize)
Event: 6.078 Executing VM operation: HandshakeAllThreads (Deoptimize) done
Event: 6.375 Executing VM operation: HandshakeAllThreads (Deoptimize)
Event: 6.375 Executing VM operation: HandshakeAllThreads (Deoptimize) done
Event: 6.433 Executing VM operation: HandshakeAllThreads (Deoptimize)
Event: 6.433 Executing VM operation: HandshakeAllThreads (Deoptimize) done
Event: 6.669 Executing VM operation: G1CollectForAllocation (G1 Evacuation Pause)
Event: 6.675 Executing VM operation: G1CollectForAllocation (G1 Evacuation Pause) done
Event: 6.853 Executing VM operation: HandshakeAllThreads (Deoptimize)
Event: 6.853 Executing VM operation: HandshakeAllThreads (Deoptimize) done

Memory protections (0 events):
No events

Nmethod flushes (20 events):
Event: 4.493 Thread 0x00000219ddcc1c60 flushing  nmethod 0x00000219c921a310
Event: 4.493 Thread 0x00000219ddcc1c60 flushing  nmethod 0x00000219c921ab10
Event: 4.493 Thread 0x00000219ddcc1c60 flushing  nmethod 0x00000219c9275090
Event: 4.493 Thread 0x00000219ddcc1c60 flushing  nmethod 0x00000219c929f310
Event: 4.493 Thread 0x00000219ddcc1c60 flushing  nmethod 0x00000219c929fd90
Event: 4.493 Thread 0x00000219ddcc1c60 flushing  nmethod 0x00000219c92e2410
Event: 4.493 Thread 0x00000219ddcc1c60 flushing  nmethod 0x00000219c92e4890
Event: 4.493 Thread 0x00000219ddcc1c60 flushing  nmethod 0x00000219c92e6710
Event: 4.493 Thread 0x00000219ddcc1c60 flushing  nmethod 0x00000219c92e7790
Event: 4.493 Thread 0x00000219ddcc1c60 flushing  nmethod 0x00000219c92eef10
Event: 4.493 Thread 0x00000219ddcc1c60 flushing  nmethod 0x00000219c9373590
Event: 4.493 Thread 0x00000219ddcc1c60 flushing  nmethod 0x00000219c93dc290
Event: 4.493 Thread 0x00000219ddcc1c60 flushing  nmethod 0x00000219c9439910
Event: 4.493 Thread 0x00000219ddcc1c60 flushing  nmethod 0x00000219c943a590
Event: 4.493 Thread 0x00000219ddcc1c60 flushing  nmethod 0x00000219c947ca90
Event: 4.493 Thread 0x00000219ddcc1c60 flushing  nmethod 0x00000219c947d610
Event: 4.493 Thread 0x00000219ddcc1c60 flushing  nmethod 0x00000219c947da10
Event: 4.493 Thread 0x00000219ddcc1c60 flushing  nmethod 0x00000219c9504690
Event: 4.493 Thread 0x00000219ddcc1c60 flushing  nmethod 0x00000219c9504f10
Event: 4.493 Thread 0x00000219ddcc1c60 flushing  nmethod 0x00000219c9505b90

Events (20 events):
Event: 2.475 Thread 0x00000219e3da2ec0 Thread added: 0x00000219e3dd42a0
Event: 2.508 Thread 0x00000219e3da2ec0 Thread added: 0x00000219e3e26f20
Event: 2.517 Thread 0x00000219e3da2ec0 Thread added: 0x00000219e3e5ce20
Event: 2.527 Thread 0x00000219e3e5ce20 Thread added: 0x00000219e3e81f80
Event: 2.532 Thread 0x00000219e3e5ce20 Thread added: 0x00000219e3e864a0
Event: 2.534 Thread 0x00000219e3e5ce20 Thread added: 0x00000219e3e850f0
Event: 2.911 Thread 0x00000219e3e5ce20 Thread added: 0x00000219e3e86b30
Event: 2.919 Thread 0x00000219e3e5ce20 Thread added: 0x00000219e3e85e10
Event: 2.944 Thread 0x00000219e3e5ce20 Thread added: 0x00000219e3e836b0
Event: 3.008 Thread 0x00000219e2097fa0 Thread added: 0x00000219e43ea4a0
Event: 3.322 Thread 0x00000219e2097fa0 Thread added: 0x00000219e670f970
Event: 3.480 Thread 0x00000219e3e5ce20 Thread added: 0x00000219e3e83d40
Event: 3.766 Thread 0x00000219e3e5ce20 Thread added: 0x00000219e3e85780
Event: 3.788 Thread 0x00000219e3e5ce20 Thread added: 0x00000219e3e843d0
Event: 4.080 Thread 0x00000219e3e5ce20 Thread added: 0x00000219e3e84a60
Event: 4.089 Thread 0x00000219e3e5ce20 Thread added: 0x00000219e41f6440
Event: 4.571 Thread 0x00000219e3e5ce20 Thread added: 0x00000219e41f8510
Event: 4.796 Thread 0x00000219e3e5ce20 Thread added: 0x00000219e41f5db0
Event: 4.946 Thread 0x00000219e3e5ce20 Thread added: 0x00000219e41f6ad0
Event: 6.963 Thread 0x00000219e670f970 Thread exited: 0x00000219e670f970


Dynamic libraries:
0x00007ff778a90000 - 0x00007ff778a9a000 	C:\Program Files\Android\Android Studio2\jbr\bin\java.exe
0x00007ffc0e260000 - 0x00007ffc0e4c0000 	C:\WINDOWS\SYSTEM32\ntdll.dll
0x00007ffc0e0f0000 - 0x00007ffc0e1b7000 	C:\WINDOWS\System32\KERNEL32.DLL
0x00007ffc0b5e0000 - 0x00007ffc0b9aa000 	C:\WINDOWS\System32\KERNELBASE.dll
0x00007ffc0bf10000 - 0x00007ffc0c05b000 	C:\WINDOWS\System32\ucrtbase.dll
0x00007ffbad1a0000 - 0x00007ffbad1bb000 	C:\Program Files\Android\Android Studio2\jbr\bin\VCRUNTIME140.dll
0x00007ffbfcc90000 - 0x00007ffbfcca8000 	C:\Program Files\Android\Android Studio2\jbr\bin\jli.dll
0x00007ffc0caa0000 - 0x00007ffc0cc6c000 	C:\WINDOWS\System32\USER32.dll
0x00007ffbf7450000 - 0x00007ffbf76e7000 	C:\WINDOWS\WinSxS\amd64_microsoft.windows.common-controls_6595b64144ccf1df_6.0.26100.3624_none_3e086962e3345f24\COMCTL32.dll
0x00007ffc0b5b0000 - 0x00007ffc0b5d7000 	C:\WINDOWS\System32\win32u.dll
0x00007ffc0df10000 - 0x00007ffc0dfb9000 	C:\WINDOWS\System32\msvcrt.dll
0x00007ffc0c8d0000 - 0x00007ffc0c8fa000 	C:\WINDOWS\System32\GDI32.dll
0x00007ffc0b9b0000 - 0x00007ffc0bae1000 	C:\WINDOWS\System32\gdi32full.dll
0x00007ffc0baf0000 - 0x00007ffc0bb93000 	C:\WINDOWS\System32\msvcp_win.dll
0x00007ffc0dec0000 - 0x00007ffc0deef000 	C:\WINDOWS\System32\IMM32.DLL
0x00007ffbf6980000 - 0x00007ffbf698c000 	C:\Program Files\Android\Android Studio2\jbr\bin\vcruntime140_1.dll
0x00007ffbed000000 - 0x00007ffbed08d000 	C:\Program Files\Android\Android Studio2\jbr\bin\msvcp140.dll
0x00007ffbac470000 - 0x00007ffbad0fa000 	C:\Program Files\Android\Android Studio2\jbr\bin\server\jvm.dll
0x00007ffc0c340000 - 0x00007ffc0c3f2000 	C:\WINDOWS\System32\ADVAPI32.dll
0x00007ffc0c070000 - 0x00007ffc0c116000 	C:\WINDOWS\System32\sechost.dll
0x00007ffc0c120000 - 0x00007ffc0c236000 	C:\WINDOWS\System32\RPCRT4.dll
0x00007ffc0c7d0000 - 0x00007ffc0c844000 	C:\WINDOWS\System32\WS2_32.dll
0x00007ffc0a0d0000 - 0x00007ffc0a12e000 	C:\WINDOWS\SYSTEM32\POWRPROF.dll
0x00007ffbeb760000 - 0x00007ffbeb796000 	C:\WINDOWS\SYSTEM32\WINMM.dll
0x00007ffbfa8a0000 - 0x00007ffbfa8ab000 	C:\WINDOWS\SYSTEM32\VERSION.dll
0x00007ffc0a0b0000 - 0x00007ffc0a0c4000 	C:\WINDOWS\SYSTEM32\UMPDC.dll
0x00007ffc0a370000 - 0x00007ffc0a38a000 	C:\WINDOWS\SYSTEM32\kernel.appcore.dll
0x00007ffbf49f0000 - 0x00007ffbf49fa000 	C:\Program Files\Android\Android Studio2\jbr\bin\jimage.dll
0x00007ffc082c0000 - 0x00007ffc08501000 	C:\WINDOWS\SYSTEM32\DBGHELP.DLL
0x00007ffc0d310000 - 0x00007ffc0d692000 	C:\WINDOWS\System32\combase.dll
0x00007ffc0c400000 - 0x00007ffc0c4d6000 	C:\WINDOWS\System32\OLEAUT32.dll
0x00007ffbee1f0000 - 0x00007ffbee229000 	C:\WINDOWS\SYSTEM32\dbgcore.DLL
0x00007ffc0bde0000 - 0x00007ffc0be79000 	C:\WINDOWS\System32\bcryptPrimitives.dll
0x00007ffbfacd0000 - 0x00007ffbfacde000 	C:\Program Files\Android\Android Studio2\jbr\bin\instrument.dll
0x00007ffbad180000 - 0x00007ffbad1a0000 	C:\Program Files\Android\Android Studio2\jbr\bin\java.dll
0x00007ffbac450000 - 0x00007ffbac468000 	C:\Program Files\Android\Android Studio2\jbr\bin\zip.dll
0x00007ffc0d6a0000 - 0x00007ffc0ddc9000 	C:\WINDOWS\System32\SHELL32.dll
0x00007ffc0b440000 - 0x00007ffc0b5a8000 	C:\WINDOWS\System32\wintypes.dll
0x00007ffc09120000 - 0x00007ffc09972000 	C:\WINDOWS\SYSTEM32\windows.storage.dll
0x00007ffc0ddd0000 - 0x00007ffc0debd000 	C:\WINDOWS\System32\SHCORE.dll
0x00007ffc0d2a0000 - 0x00007ffc0d304000 	C:\WINDOWS\System32\shlwapi.dll
0x00007ffc0b350000 - 0x00007ffc0b37f000 	C:\WINDOWS\SYSTEM32\profapi.dll
0x00007ffbf3790000 - 0x00007ffbf37a0000 	C:\Program Files\Android\Android Studio2\jbr\bin\net.dll
0x00007ffc04a20000 - 0x00007ffc04b3d000 	C:\WINDOWS\SYSTEM32\WINHTTP.dll
0x00007ffc0a890000 - 0x00007ffc0a8fa000 	C:\WINDOWS\system32\mswsock.dll
0x00007ffbac2f0000 - 0x00007ffbac306000 	C:\Program Files\Android\Android Studio2\jbr\bin\nio.dll
0x00007ffbfc680000 - 0x00007ffbfc690000 	C:\Program Files\Android\Android Studio2\jbr\bin\verify.dll
0x00007ffbf81f0000 - 0x00007ffbf8217000 	C:\Users\Manu\.gradle\native\c067742578af261105cb4f569cf0c3c89f3d7b1fecec35dd04571415982c5e48\windows-amd64\native-platform.dll
0x00007ffbc2910000 - 0x00007ffbc2a54000 	C:\Users\Manu\.gradle\native\100fb08df4bc3b14c8652ba06237920a3bd2aa13389f12d3474272988ae205f9\windows-amd64\native-platform-file-events.dll
0x00007ffbd1df0000 - 0x00007ffbd1df9000 	C:\Program Files\Android\Android Studio2\jbr\bin\management.dll
0x00007ffbd1d70000 - 0x00007ffbd1d7b000 	C:\Program Files\Android\Android Studio2\jbr\bin\management_ext.dll
0x00007ffc0c930000 - 0x00007ffc0c938000 	C:\WINDOWS\System32\PSAPI.DLL
0x00007ffc0ab30000 - 0x00007ffc0ab4c000 	C:\WINDOWS\SYSTEM32\CRYPTSP.dll
0x00007ffc0a2d0000 - 0x00007ffc0a30a000 	C:\WINDOWS\system32\rsaenh.dll
0x00007ffc0a930000 - 0x00007ffc0a95b000 	C:\WINDOWS\SYSTEM32\USERENV.dll
0x00007ffc0b320000 - 0x00007ffc0b346000 	C:\WINDOWS\SYSTEM32\bcrypt.dll
0x00007ffc0ab50000 - 0x00007ffc0ab5c000 	C:\WINDOWS\SYSTEM32\CRYPTBASE.dll
0x00007ffc09d60000 - 0x00007ffc09d93000 	C:\WINDOWS\SYSTEM32\IPHLPAPI.DLL
0x00007ffc0c850000 - 0x00007ffc0c85a000 	C:\WINDOWS\System32\NSI.dll
0x00007ffbccc90000 - 0x00007ffbccc99000 	C:\Program Files\Android\Android Studio2\jbr\bin\extnet.dll
0x00007ffbd1820000 - 0x00007ffbd1828000 	C:\WINDOWS\system32\wshunix.dll

dbghelp: loaded successfully - version: 4.0.5 - missing functions: none
symbol engine: initialized successfully - sym options: 0x614 - pdb path: .;C:\Program Files\Android\Android Studio2\jbr\bin;C:\WINDOWS\SYSTEM32;C:\WINDOWS\WinSxS\amd64_microsoft.windows.common-controls_6595b64144ccf1df_6.0.26100.3624_none_3e086962e3345f24;C:\Program Files\Android\Android Studio2\jbr\bin\server;C:\Users\Manu\.gradle\native\c067742578af261105cb4f569cf0c3c89f3d7b1fecec35dd04571415982c5e48\windows-amd64;C:\Users\Manu\.gradle\native\100fb08df4bc3b14c8652ba06237920a3bd2aa13389f12d3474272988ae205f9\windows-amd64

VM Arguments:
jvm_args: --add-opens=java.base/java.lang=ALL-UNNAMED --add-opens=java.base/java.lang.invoke=ALL-UNNAMED --add-opens=java.base/java.util=ALL-UNNAMED --add-opens=java.prefs/java.util.prefs=ALL-UNNAMED --add-exports=jdk.compiler/com.sun.tools.javac.api=ALL-UNNAMED --add-exports=jdk.compiler/com.sun.tools.javac.util=ALL-UNNAMED --add-opens=java.base/java.util=ALL-UNNAMED --add-opens=java.prefs/java.util.prefs=ALL-UNNAMED --add-opens=java.base/java.nio.charset=ALL-UNNAMED --add-opens=java.base/java.net=ALL-UNNAMED --add-opens=java.base/java.util.concurrent.atomic=ALL-UNNAMED --add-opens=java.xml/javax.xml.namespace=ALL-UNNAMED -Xmx2048m -Dfile.encoding=UTF-8 -Duser.country=GB -Duser.language=en -Duser.variant -javaagent:C:\Users\Manu\.gradle\wrapper\dists\gradle-8.11.1-bin\bpt9gzteqjrbo1mjrsomdt32c\gradle-8.11.1\lib\agents\gradle-instrumentation-agent-8.11.1.jar 
java_command: org.gradle.launcher.daemon.bootstrap.GradleDaemon 8.11.1
java_class_path (initial): C:\Users\Manu\.gradle\wrapper\dists\gradle-8.11.1-bin\bpt9gzteqjrbo1mjrsomdt32c\gradle-8.11.1\lib\gradle-daemon-main-8.11.1.jar
Launcher Type: SUN_STANDARD

[Global flags]
     intx CICompilerCount                          = 4                                         {product} {ergonomic}
     uint ConcGCThreads                            = 2                                         {product} {ergonomic}
     uint G1ConcRefinementThreads                  = 8                                         {product} {ergonomic}
   size_t G1HeapRegionSize                         = 1048576                                   {product} {ergonomic}
    uintx GCDrainStackTargetSize                   = 64                                        {product} {ergonomic}
   size_t InitialHeapSize                          = 132120576                                 {product} {ergonomic}
   size_t MarkStackSize                            = 4194304                                   {product} {ergonomic}
   size_t MaxHeapSize                              = 2147483648                                {product} {command line}
   size_t MaxNewSize                               = 1287651328                                {product} {ergonomic}
   size_t MinHeapDeltaBytes                        = 1048576                                   {product} {ergonomic}
   size_t MinHeapSize                              = 8388608                                   {product} {ergonomic}
    uintx NonNMethodCodeHeapSize                   = 5839372                                {pd product} {ergonomic}
    uintx NonProfiledCodeHeapSize                  = 122909434                              {pd product} {ergonomic}
    uintx ProfiledCodeHeapSize                     = 122909434                              {pd product} {ergonomic}
    uintx ReservedCodeCacheSize                    = 251658240                              {pd product} {ergonomic}
     bool SegmentedCodeCache                       = true                                      {product} {ergonomic}
   size_t SoftMaxHeapSize                          = 2147483648                             {manageable} {ergonomic}
     bool UseCompressedOops                        = true                           {product lp64_product} {ergonomic}
     bool UseG1GC                                  = true                                      {product} {ergonomic}
     bool UseLargePagesIndividualAllocation        = false                                  {pd product} {ergonomic}

Logging:
Log output configuration:
 #0: stdout all=warning uptime,level,tags foldmultilines=false
 #1: stderr all=off uptime,level,tags foldmultilines=false

Environment Variables:
JAVA_HOME=C:\Program Files\Java\jdk-17
PATH=$env:PATH;C:\Gradle\gradle-8.12.1\bin;C:\Users\Manu\AppData\Local\Programs\Python\Python312\Scripts\;C:\Users\Manu\AppData\Local\Programs\Python\Python312\;C:\Users\Manu\AppData\Local\Programs\Python\Launcher\;C:\Program Files\MySQL\MySQL Shell 8.0\bin\;C:\Users\Manu\AppData\Local\Microsoft\WindowsApps;C:\Users\Manu\OneDrive\Downloads\msys2-x86_64-20230127.exe.sig;C:\Users\Manu\AppData\Local\Programs\Microsoft VS Code\bin;C:\Users\Manu\AppData\Roaming\npm;C:\Gradle\gradle-8.12.1\bin;C:\Gradle\gradle-8.12.1\bin;C:\Gradle\gradle-8.12.1\bin;C:\Program Files\Java\jdk-17\bin;C:\Program Files\nodejs\;C:\Program Files\nodejs" /M;C:\Program Files\nodejs\;C:\Program Files\Git\cmd;$env:PATH;C:\Gradle\gradle-8.12.1\bin;C:\Users\Manu\AppData\Local\Programs\Python\Python312\Scripts\;C:\Users\Manu\AppData\Local\Programs\Python\Python312\;C:\Users\Manu\AppData\Local\Programs\Python\Launcher\;C:\Program Files\MySQL\MySQL Shell 8.0\bin\;C:\Users\Manu\AppData\Local\Microsoft\WindowsApps;C:\Users\Manu\OneDrive\Downloads\msys2-x86_64-20230127.exe.sig;C:\Users\Manu\AppData\Local\Programs\Microsoft VS Code\bin;C:\Users\Manu\AppData\Roaming\npm;C:\Gradle\gradle-8.12.1\bin;;C:\Gradle\gradle-8.12.1\bin;;C:\Gradle\gradle-8.12.1\bin;;C:\Program Files\Java\jdk-17\bin;C:\Program Files\nodejs\;;C:\Program Files\nodejs" /M
USERNAME=Manu
OS=Windows_NT
PROCESSOR_IDENTIFIER=Intel64 Family 6 Model 142 Stepping 10, GenuineIntel
TMP=C:\Users\Manu\AppData\Local\Temp
TEMP=C:\Users\Manu\AppData\Local\Temp




Periodic native trim disabled

JNI global refs:
JNI global refs: 25, weak refs: 0

JNI global refs memory usage: 835, weak refs: 833

Process memory usage:
Resident Set Size: 315348K (3% of 8228056K total physical memory with 607444K free physical memory)

OOME stack traces (most recent first):
Classloader memory used:
Loader org.gradle.internal.classloader.VisitableURLClassLoader                         : 29032K
Loader bootstrap                                                                       : 21712K
Loader org.gradle.initialization.MixInLegacyTypesClassLoader                           : 6356K
Loader jdk.internal.loader.ClassLoaders$PlatformClassLoader                            : 513K
Loader jdk.internal.loader.ClassLoaders$AppClassLoader                                 : 232K
Loader org.gradle.internal.classloader.VisitableURLClassLoader                         : 29872B

Classes loaded by more than one classloader:
Class org.gradle.internal.classloader.FilteringClassLoader                            : loaded 2 times (x 101B)
Class org.gradle.internal.classloader.ClassLoaderHierarchy                            : loaded 2 times (x 66B)
Class org.gradle.api.internal.classpath.ManifestUtil                                  : loaded 2 times (x 67B)
Class org.gradle.internal.classloader.DefaultClassLoaderFactory                       : loaded 2 times (x 78B)
Class org.gradle.internal.classloader.ClassLoaderVisitor                              : loaded 2 times (x 72B)
Class org.gradle.api.internal.classpath.EffectiveClassPath                            : loaded 2 times (x 86B)
Class org.gradle.api.internal.DefaultClassPathProvider                                : loaded 2 times (x 72B)
Class [Lorg.gradle.api.internal.ClassPathProvider;                                    : loaded 2 times (x 65B)
Class org.gradle.api.internal.ClassPathProvider                                       : loaded 2 times (x 66B)
Class org.gradle.internal.service.UnknownServiceException                             : loaded 2 times (x 79B)
Class org.gradle.internal.classpath.TransformedClassPath                              : loaded 2 times (x 92B)
Class org.gradle.internal.classloader.InstrumentingClassLoader                        : loaded 2 times (x 66B)
Class org.gradle.internal.service.ServiceLocator                                      : loaded 2 times (x 66B)
Class org.gradle.internal.InternalTransformer                                         : loaded 2 times (x 66B)
Class org.gradle.internal.classloader.ClasspathUtil$1                                 : loaded 2 times (x 72B)
Class org.gradle.api.internal.classpath.DefaultModuleRegistry$DefaultModule           : loaded 2 times (x 82B)
Class org.gradle.api.internal.classpath.Module                                        : loaded 2 times (x 66B)
Class org.gradle.api.internal.classpath.UnknownModuleException                        : loaded 2 times (x 78B)
Class org.gradle.api.internal.DefaultClassPathRegistry                                : loaded 2 times (x 72B)
Class org.gradle.api.internal.ClassPathRegistry                                       : loaded 2 times (x 66B)
Class org.gradle.internal.classpath.DefaultClassPath$ImmutableUniqueList              : loaded 2 times (x 195B)
Class Settings_gradle$1                                                               : loaded 2 times (x 70B)
Class Program                                                                         : loaded 2 times (x 68B)
Class org.gradle.internal.classpath.ClassPath                                         : loaded 2 times (x 66B)
Class org.gradle.api.UncheckedIOException                                             : loaded 2 times (x 78B)
Class org.gradle.internal.installation.GradleInstallation$1                           : loaded 2 times (x 71B)
Class org.gradle.api.internal.classpath.ModuleRegistry                                : loaded 2 times (x 66B)
Class org.gradle.api.internal.classpath.DefaultModuleRegistry                         : loaded 2 times (x 82B)
Class org.gradle.internal.service.ServiceLookupException                              : loaded 2 times (x 78B)
Class org.gradle.internal.classloader.ClassLoaderFactory                              : loaded 2 times (x 66B)
Class org.gradle.internal.service.CachingServiceLocator                               : loaded 2 times (x 78B)
Class org.gradle.internal.classloader.ClasspathUtil                                   : loaded 2 times (x 67B)
Class org.gradle.api.specs.Spec                                                       : loaded 2 times (x 66B)
Class org.gradle.internal.classloader.VisitableURLClassLoader$InstrumentingVisitableURLClassLoader: loaded 2 times (x 119B)
Class org.gradle.internal.classloader.VisitableURLClassLoader$Spec                    : loaded 2 times (x 70B)
Class org.gradle.internal.classpath.DefaultClassPath                                  : loaded 2 times (x 86B)
Class org.gradle.internal.classloader.ClassLoaderSpec                                 : loaded 2 times (x 67B)
Class Settings_gradle$1$1                                                             : loaded 2 times (x 70B)
Class org.gradle.internal.classloader.VisitableURLClassLoader                         : loaded 2 times (x 113B)
Class Settings_gradle                                                                 : loaded 2 times (x 124B)
Class org.gradle.internal.Cast                                                        : loaded 2 times (x 67B)
Class org.gradle.api.Action                                                           : loaded 2 times (x 66B)
Class org.gradle.internal.classpath.DefaultClassPath$ImmutableUniqueList$Builder      : loaded 2 times (x 71B)
Class org.gradle.api.GradleException                                                  : loaded 2 times (x 78B)
Class org.gradle.internal.IoActions                                                   : loaded 2 times (x 67B)
Class org.gradle.internal.classloader.SystemClassLoaderSpec                           : loaded 2 times (x 67B)
Class org.gradle.api.internal.classpath.GlobalCacheRootsProvider                      : loaded 2 times (x 66B)
Class org.gradle.internal.installation.CurrentGradleInstallationLocator               : loaded 2 times (x 67B)
Class org.gradle.internal.service.DefaultServiceLocator                               : loaded 2 times (x 79B)
Class org.gradle.internal.installation.CurrentGradleInstallation                      : loaded 2 times (x 69B)
Class org.gradle.util.internal.GUtil                                                  : loaded 2 times (x 67B)
Class org.gradle.internal.installation.GradleInstallation                             : loaded 2 times (x 71B)

---------------  S Y S T E M  ---------------

OS:
 Windows 11 , 64 bit Build 26100 (10.0.26100.3775)
OS uptime: 1 days 23:33 hours

CPU: total 8 (initial active 8) (4 cores per cpu, 2 threads per core) family 6 model 142 stepping 10 microcode 0xf6, cx8, cmov, fxsr, ht, mmx, 3dnowpref, sse, sse2, sse3, ssse3, sse4.1, sse4.2, popcnt, lzcnt, tsc, tscinvbit, avx, avx2, aes, erms, clmul, bmi1, bmi2, adx, fma, vzeroupper, clflush, clflushopt, rdtscp, f16c
Processor Information for all 8 processors :
  Max Mhz: 1800, Current Mhz: 1600, Mhz Limit: 1584

Memory: 4k page, system-wide physical 8035M (594M free)
TotalPageFile size 19285M (AvailPageFile size 7M)
current process WorkingSet (physical memory assigned to process): 308M, peak: 308M
current process commit charge ("private bytes"): 344M, peak: 346M

vm_info: OpenJDK 64-Bit Server VM (21.0.5+-12932927-b750.29) for windows-amd64 JRE (21.0.5+-12932927-b750.29), built on 2025-01-17T02:01:10Z by "builder" with MS VC++ 16.10 / 16.11 (VS2019)

END.
